{"target": 18.687866358876697, "params": {"act_func": 1.6703376386581437, "dropout": 0.2500950589737977, "enc_dim": 170.92269868710363, "f_hl_ae": 1.5223812457333916, "hidden_batch_norm": 0.4443605878733592, "initializer": 0.9205669023875509, "lr": 0.001, "n_hl_ae": 2.1367632318202094, "opt": 1.377083840358503}, "datetime": {"datetime": "2020-01-13 05:15:13", "elapsed": 901.463674, "delta": 16.836965}}
{"target": 18.786521282516567, "params": {"act_func": 1.0846269851164227, "dropout": 0.07390618011351198, "enc_dim": 170.40371216230474, "f_hl_ae": 1.0513227064654656, "hidden_batch_norm": 0.1844651410903555, "initializer": 0.157078681405603, "lr": 0.001, "n_hl_ae": 2.5341604535124502, "opt": 0.5393237207295172}, "datetime": {"datetime": "2020-01-13 05:15:25", "elapsed": 913.413778, "delta": 11.950104}}
{"target": 56.871763664359904, "params": {"act_func": 2.3646904232025068, "dropout": 0.3251356301641935, "enc_dim": 189.42364669079072, "f_hl_ae": 1.578939446888341, "hidden_batch_norm": 0.6456984303527734, "initializer": 0.6288513403224287, "lr": 0.001, "n_hl_ae": 0.12424284536502983, "opt": 0.8199438271469517}, "datetime": {"datetime": "2020-01-13 05:15:48", "elapsed": 936.432341, "delta": 23.018563}}
{"target": 18.73954863895737, "params": {"act_func": 1.9275902415723183, "dropout": 0.3515018045156869, "enc_dim": 213.81609005529123, "f_hl_ae": 1.9684074210755451, "hidden_batch_norm": 0.5398491975082431, "initializer": 0.21753224100778557, "lr": 0.001, "n_hl_ae": 1.732962264247006, "opt": 0.5631147384432895}, "datetime": {"datetime": "2020-01-13 05:15:54", "elapsed": 942.315692, "delta": 5.883351}}
{"target": 70.56355572591465, "params": {"act_func": 1.1954626047177177, "dropout": 0.23676493074924518, "enc_dim": 295.1523410440725, "f_hl_ae": 1.3284951612995903, "hidden_batch_norm": 0.4463787937790803, "initializer": 0.9146459532256642, "lr": 0.001, "n_hl_ae": 0.28623344228376835, "opt": 0.6074116707545287}, "datetime": {"datetime": "2020-01-13 05:16:16", "elapsed": 964.630072, "delta": 22.31438}}
{"target": 48.53465678565219, "params": {"act_func": 1.333355922130075, "dropout": 0.2841170990474122, "enc_dim": 246.31295934619664, "f_hl_ae": 1.6192119437700006, "hidden_batch_norm": 0.06767970242445775, "initializer": 0.9394807710674657, "lr": 0.001, "n_hl_ae": 0.19646180223177223, "opt": 1.8834184610802245}, "datetime": {"datetime": "2020-01-13 05:16:41", "elapsed": 989.246433, "delta": 24.616361}}
{"target": 37.837478323846724, "params": {"act_func": 1.0394719720674828, "dropout": 0.11553291110295152, "enc_dim": 184.12932033311614, "f_hl_ae": 1.729983711667606, "hidden_batch_norm": 0.09083452774677137, "initializer": 0.09083056933922151, "lr": 0.001, "n_hl_ae": 0.5952602785582013, "opt": 0.5733268686000335}, "datetime": {"datetime": "2020-01-13 05:17:02", "elapsed": 1011.100307, "delta": 21.853874}}
{"target": 38.07742809644804, "params": {"act_func": 1.431523535806843, "dropout": 0.337754287027788, "enc_dim": 199.81768646944712, "f_hl_ae": 1.3100571728472858, "hidden_batch_norm": 0.6903127473861311, "initializer": 0.9606023437279398, "lr": 0.001, "n_hl_ae": 0.05511868541614828, "opt": 1.0603674030242078}, "datetime": {"datetime": "2020-01-13 05:17:27", "elapsed": 1036.131578, "delta": 25.031271}}
{"target": 61.33291731747318, "params": {"act_func": 1.0969565105990826, "dropout": 0.34575147271670276, "enc_dim": 282.73425151294146, "f_hl_ae": 1.8111793337625381, "hidden_batch_norm": 0.7923842517704642, "initializer": 0.6281311684587556, "lr": 0.001, "n_hl_ae": 0.9097706432202083, "opt": 0.37863199788821755}, "datetime": {"datetime": "2020-01-13 05:17:50", "elapsed": 1059.005475, "delta": 22.873897}}
{"target": 18.761888478041957, "params": {"act_func": 1.5834893334375706, "dropout": 0.4829965179327215, "enc_dim": 213.27430389335711, "f_hl_ae": 1.578259434389877, "hidden_batch_norm": 0.14620487571097596, "initializer": 0.6004652996374988, "lr": 0.001, "n_hl_ae": 1.1398402618131538, "opt": 0.7328865800461393}, "datetime": {"datetime": "2020-01-13 05:17:54", "elapsed": 1063.143405, "delta": 4.13793}}
{"target": 18.819392663442386, "params": {"act_func": 1.9437433028657711, "dropout": 0.1454206467593255, "enc_dim": 195.41572143071556, "f_hl_ae": 1.0308828709620899, "hidden_batch_norm": 0.7326707334011971, "initializer": 0.7351693640766959, "lr": 0.001, "n_hl_ae": 2.820644359730924, "opt": 0.21510285736122503}, "datetime": {"datetime": "2020-01-13 05:18:11", "elapsed": 1079.61074, "delta": 16.467335}}
{"target": 22.73577893976735, "params": {"act_func": 0.4803485464374684, "dropout": 0.0920104685500881, "enc_dim": 110.6862353947266, "f_hl_ae": 1.4782274295112459, "hidden_batch_norm": 0.21433059070626403, "initializer": 0.6181567406470573, "lr": 0.001, "n_hl_ae": 2.6004177889889797, "opt": 0.6399834274067879}, "datetime": {"datetime": "2020-01-13 05:18:16", "elapsed": 1085.03837, "delta": 5.42763}}
{"target": 18.71665753839082, "params": {"act_func": 1.5790421439716549, "dropout": 0.1801730818963492, "enc_dim": 265.3852464300578, "f_hl_ae": 1.5721090172541299, "hidden_batch_norm": 0.8534090144345724, "initializer": 0.880208863984588, "lr": 0.001, "n_hl_ae": 1.5672307822771958, "opt": 0.8652660507294161}, "datetime": {"datetime": "2020-01-13 05:18:23", "elapsed": 1091.279837, "delta": 6.241467}}
{"target": 33.64824776734099, "params": {"act_func": 0.34080202986761143, "dropout": 0.4549634302932035, "enc_dim": 147.98691430707598, "f_hl_ae": 1.3819740617653058, "hidden_batch_norm": 0.9116414438064471, "initializer": 0.25005425734975617, "lr": 0.001, "n_hl_ae": 0.9556632066071918, "opt": 1.088667474282112}, "datetime": {"datetime": "2020-01-13 05:18:47", "elapsed": 1115.48439, "delta": 24.204553}}
{"target": 17.91861672157469, "params": {"act_func": 2.8331253658666693, "dropout": 0.33102008929375365, "enc_dim": 104.39987243734683, "f_hl_ae": 1.117579379261036, "hidden_batch_norm": 0.7754796730277873, "initializer": 0.8065075641894911, "lr": 0.001, "n_hl_ae": 2.530896981921013, "opt": 0.8687694239041832}, "datetime": {"datetime": "2020-01-13 05:19:02", "elapsed": 1131.18652, "delta": 15.70213}}
{"target": 20.957673199824146, "params": {"act_func": 0.6286865771970422, "dropout": 0.281507420752846, "enc_dim": 194.00450667665376, "f_hl_ae": 1.0106403424519361, "hidden_batch_norm": 0.13827016180236407, "initializer": 0.3547225745243713, "lr": 0.001, "n_hl_ae": 1.7443578918449014, "opt": 0.9871715617414263}, "datetime": {"datetime": "2020-01-13 05:19:06", "elapsed": 1135.054173, "delta": 3.867653}}
{"target": 33.867973130494924, "params": {"act_func": 1.6536611220936694, "dropout": 0.053284137759948356, "enc_dim": 165.90659782496397, "f_hl_ae": 1.8041806624200736, "hidden_batch_norm": 0.07347929578844792, "initializer": 0.2797055066307298, "lr": 0.001, "n_hl_ae": 0.9849391816305452, "opt": 0.9939839325364834}, "datetime": {"datetime": "2020-01-13 05:19:28", "elapsed": 1156.973795, "delta": 21.919622}}
{"target": 25.315064870355087, "params": {"act_func": 1.8876167459220903, "dropout": 0.3113487818325711, "enc_dim": 118.56851508822419, "f_hl_ae": 1.291492336239076, "hidden_batch_norm": 0.6984446762290726, "initializer": 0.721268881572311, "lr": 0.001, "n_hl_ae": 0.7868967089716551, "opt": 1.7449971342313302}, "datetime": {"datetime": "2020-01-13 05:19:51", "elapsed": 1180.118914, "delta": 23.145119}}
{"target": 48.51017145269716, "params": {"act_func": 2.8745347374977417, "dropout": 0.3673911828907293, "enc_dim": 184.3344728023543, "f_hl_ae": 1.5874379691663572, "hidden_batch_norm": 0.6612841735782908, "initializer": 0.8839640391104936, "lr": 0.001, "n_hl_ae": 0.09813093051319755, "opt": 0.0740810245415926}, "datetime": {"datetime": "2020-01-13 05:20:14", "elapsed": 1202.505247, "delta": 22.386333}}
{"target": 18.558646870153076, "params": {"act_func": 1.982774423476961, "dropout": 0.4529359716483513, "enc_dim": 294.6164417680716, "f_hl_ae": 1.176487996393107, "hidden_batch_norm": 0.22321951545553154, "initializer": 0.1529052693143369, "lr": 0.001, "n_hl_ae": 2.9262183853116848, "opt": 1.3299321467009075}, "datetime": {"datetime": "2020-01-13 05:20:24", "elapsed": 1212.786756, "delta": 10.281509}}
{"target": 31.25203317631759, "params": {"act_func": 0.2743887344048337, "dropout": 0.4342231444663558, "enc_dim": 163.73736168204556, "f_hl_ae": 1.5859746375161246, "hidden_batch_norm": 0.44795823432574955, "initializer": 0.18567914141327835, "lr": 0.001, "n_hl_ae": 0.6685644315822679, "opt": 0.6011428683276592}, "datetime": {"datetime": "2020-01-13 05:20:46", "elapsed": 1234.288497, "delta": 21.501741}}
{"target": 72.41398223646485, "params": {"act_func": 1.8054240086087467, "dropout": 0.32633261383540363, "enc_dim": 285.42658313282016, "f_hl_ae": 1.21325166976654, "hidden_batch_norm": 0.5741128485692822, "initializer": 0.17623057028549804, "lr": 0.001, "n_hl_ae": 0.2808379712811627, "opt": 0.13188802029589786}, "datetime": {"datetime": "2020-01-13 05:21:07", "elapsed": 1256.082363, "delta": 21.793866}}
{"target": 54.43548732589569, "params": {"act_func": 1.307306166242398, "dropout": 0.35923597742616387, "enc_dim": 241.5972337376715, "f_hl_ae": 1.188177437663096, "hidden_batch_norm": 0.7393389934719397, "initializer": 0.9208836884695787, "lr": 0.001, "n_hl_ae": 0.6243657121528963, "opt": 0.22815328532633705}, "datetime": {"datetime": "2020-01-13 05:21:29", "elapsed": 1277.458376, "delta": 21.376013}}
{"target": 48.628675318202816, "params": {"act_func": 2.637996473646299, "dropout": 0.4380507806159815, "enc_dim": 184.15567198642395, "f_hl_ae": 1.557359775129427, "hidden_batch_norm": 0.9201507997560439, "initializer": 0.20783759715985672, "lr": 0.001, "n_hl_ae": 0.9413954331176216, "opt": 0.5754131216347531}, "datetime": {"datetime": "2020-01-13 05:21:51", "elapsed": 1299.96023, "delta": 22.501854}}
{"target": 16.99407175795946, "params": {"act_func": 2.983409245825649, "dropout": 0.3512377842454367, "enc_dim": 256.382238678005, "f_hl_ae": 1.8144524232308124, "hidden_batch_norm": 0.4754492770554828, "initializer": 0.11781783403241475, "lr": 0.001, "n_hl_ae": 2.4008145185303373, "opt": 0.9002718151336104}, "datetime": {"datetime": "2020-01-13 05:22:03", "elapsed": 1312.015127, "delta": 12.054897}}
{"target": 23.18278501023664, "params": {"act_func": 0.6093535251968439, "dropout": 0.0101565156471064, "enc_dim": 130.62574354698862, "f_hl_ae": 1.1264788906155516, "hidden_batch_norm": 0.19211281950545367, "initializer": 0.28931867668742683, "lr": 0.001, "n_hl_ae": 2.842212718149474, "opt": 1.4996950279652697}, "datetime": {"datetime": "2020-01-13 05:22:37", "elapsed": 1346.103831, "delta": 34.088704}}
{"target": 21.44558564585139, "params": {"act_func": 2.2901116594994058, "dropout": 0.14347028135351644, "enc_dim": 136.6665159953492, "f_hl_ae": 1.9848769283272185, "hidden_batch_norm": 0.09585018309033455, "initializer": 0.07119097631373539, "lr": 0.001, "n_hl_ae": 1.9426679143949717, "opt": 0.5155817537894423}, "datetime": {"datetime": "2020-01-13 05:23:04", "elapsed": 1373.003995, "delta": 26.900164}}
{"target": 18.824319320079145, "params": {"act_func": 1.913034723678828, "dropout": 0.07633960583508242, "enc_dim": 188.3869632153416, "f_hl_ae": 1.3169699675180815, "hidden_batch_norm": 0.33426043060089927, "initializer": 0.8478752822345458, "lr": 0.001, "n_hl_ae": 2.191865848950015, "opt": 0.1136285377268722}, "datetime": {"datetime": "2020-01-13 05:23:23", "elapsed": 1391.235325, "delta": 18.23133}}
{"target": 18.63063242146323, "params": {"act_func": 1.2368542076601816, "dropout": 0.07424222995722037, "enc_dim": 220.5604998634675, "f_hl_ae": 1.2350816537647695, "hidden_batch_norm": 0.6415798484917516, "initializer": 0.3937780411637982, "lr": 0.001, "n_hl_ae": 2.045692748373278, "opt": 1.1165076314785942}, "datetime": {"datetime": "2020-01-13 05:23:42", "elapsed": 1410.677351, "delta": 19.442026}}
{"target": 18.63911096227662, "params": {"act_func": 1.6826941194732004, "dropout": 0.3247818912900631, "enc_dim": 227.69184065238397, "f_hl_ae": 1.4293925342690446, "hidden_batch_norm": 0.5595235217555868, "initializer": 0.8835133267774827, "lr": 0.001, "n_hl_ae": 2.6249210477780185, "opt": 1.6491892608777698}, "datetime": {"datetime": "2020-01-13 05:23:55", "elapsed": 1423.299584, "delta": 12.622233}}
{"target": 18.82689938437605, "params": {"act_func": 1.8487761975050911, "dropout": 0.16228430295297705, "enc_dim": 112.36765582115702, "f_hl_ae": 1.6401774366087207, "hidden_batch_norm": 0.31843387613069885, "initializer": 0.35223140401050224, "lr": 0.001, "n_hl_ae": 1.8529576921679096, "opt": 0.4824565870706281}, "datetime": {"datetime": "2020-01-13 05:24:11", "elapsed": 1439.412607, "delta": 16.113023}}
{"target": 22.80047423402842, "params": {"act_func": 0.539795616857348, "dropout": 0.17438719698390173, "enc_dim": 159.56141653720422, "f_hl_ae": 1.7939235243410883, "hidden_batch_norm": 0.9570619610550452, "initializer": 0.017507961327720256, "lr": 0.001, "n_hl_ae": 2.577332511853327, "opt": 1.9961337871862967}, "datetime": {"datetime": "2020-01-13 05:24:17", "elapsed": 1445.370675, "delta": 5.958068}}
{"target": 17.96769413407192, "params": {"act_func": 2.9218255627354504, "dropout": 0.098206881644622, "enc_dim": 291.79310306614957, "f_hl_ae": 1.5482347243502979, "hidden_batch_norm": 0.115390265017567, "initializer": 0.6362119824397497, "lr": 0.001, "n_hl_ae": 2.884264054444218, "opt": 1.8150788506211075}, "datetime": {"datetime": "2020-01-13 05:24:47", "elapsed": 1476.224459, "delta": 30.853784}}
{"target": 35.58175968575116, "params": {"act_func": 2.4064422178875944, "dropout": 0.21675721026236586, "enc_dim": 129.3619946042547, "f_hl_ae": 1.1059182940520134, "hidden_batch_norm": 0.7009721827231158, "initializer": 0.5933610572582886, "lr": 0.001, "n_hl_ae": 0.09257880788249662, "opt": 1.9395708659356403}, "datetime": {"datetime": "2020-01-13 05:25:12", "elapsed": 1500.488561, "delta": 24.264102}}
{"target": 51.00564356985505, "params": {"act_func": 2.65354776374102, "dropout": 0.11532955487544984, "enc_dim": 241.97048645761566, "f_hl_ae": 1.0570138661020803, "hidden_batch_norm": 0.7385742175101674, "initializer": 0.12408568579741008, "lr": 0.001, "n_hl_ae": 0.5722913511105623, "opt": 1.6044715429192784}, "datetime": {"datetime": "2020-01-13 05:25:37", "elapsed": 1526.171929, "delta": 25.683368}}
{"target": 18.821868006390044, "params": {"act_func": 1.9700676076358814, "dropout": 0.069067396671154, "enc_dim": 173.21037648817006, "f_hl_ae": 1.3531023019923523, "hidden_batch_norm": 0.9736814094513556, "initializer": 0.5118367251358427, "lr": 0.001, "n_hl_ae": 2.404079689339431, "opt": 0.7637324543682182}, "datetime": {"datetime": "2020-01-13 05:25:56", "elapsed": 1544.625744, "delta": 18.453815}}
