{"target": 17.843576263531645, "params": {"act_func": 2.5175673667759573, "dropout": 0.11649349474766299, "enc_dim": 200.47789149785228, "f_hl_ae": 1.9425835996979304, "hidden_batch_norm": 0.6339976977446607, "initializer": 0.8672894054624648, "lr": 0.0069192407538780365, "n_hl_ae": 2.252294585659056, "opt": 1.3991501204495027}, "datetime": {"datetime": "2020-01-13 16:14:46", "elapsed": 385.422569, "delta": 16.100024}}
{"target": 0.5435279769830559, "params": {"act_func": 2.903896699812681, "dropout": 0.4872563869273629, "enc_dim": 190.36433653395193, "f_hl_ae": 1.0708697781842083, "hidden_batch_norm": 0.29279403144051885, "initializer": 0.15235470568773046, "lr": 0.05866884889519484, "n_hl_ae": 0.3938679854197681, "opt": 1.208235608041764}, "datetime": {"datetime": "2020-01-13 16:14:48", "elapsed": 387.498017, "delta": 2.075448}}
{"target": 1.394647414901623, "params": {"act_func": 1.1484241774735624, "dropout": 0.43873908330122285, "enc_dim": 293.5589343597004, "f_hl_ae": 1.5468849016694222, "hidden_batch_norm": 0.2748235698675966, "initializer": 0.5922304187618368, "lr": 0.01122064533578343, "n_hl_ae": 1.2202000375072448, "opt": 1.1041565533839417}, "datetime": {"datetime": "2020-01-13 16:14:50", "elapsed": 389.503681, "delta": 2.005664}}
{"target": 17.678379868323827, "params": {"act_func": 0.8149583028184376, "dropout": 0.22316763323051322, "enc_dim": 180.34270707591975, "f_hl_ae": 1.248413465082971, "hidden_batch_norm": 0.5058663838253084, "initializer": 0.3103808259798114, "lr": 0.06306954847580601, "n_hl_ae": 1.5749113267627928, "opt": 1.501190045857975}, "datetime": {"datetime": "2020-01-13 16:15:16", "elapsed": 415.535939, "delta": 26.032258}}
{"target": 1.0608226565598498, "params": {"act_func": 1.000522397373826, "dropout": 0.45283779564417415, "enc_dim": 272.4637093671805, "f_hl_ae": 1.0486902959755287, "hidden_batch_norm": 0.25364252425682277, "initializer": 0.4461355126592019, "lr": 0.08964183901449507, "n_hl_ae": 1.0454279671004914, "opt": 1.480195051235365}, "datetime": {"datetime": "2020-01-13 16:15:18", "elapsed": 417.878674, "delta": 2.342735}}
{"target": 0.8849820897576185, "params": {"act_func": 2.041543443428478, "dropout": 0.3049683699973424, "enc_dim": 242.10568054446912, "f_hl_ae": 1.2049236869597018, "hidden_batch_norm": 0.3416981148647321, "initializer": 0.6762424822774629, "lr": 0.012955758459898617, "n_hl_ae": 1.6310341614842856, "opt": 0.5653993018910732}, "datetime": {"datetime": "2020-01-13 16:15:20", "elapsed": 419.607075, "delta": 1.728401}}
{"target": 17.952390803983494, "params": {"act_func": 0.09070577401794777, "dropout": 0.34806504619736456, "enc_dim": 101.57682070168808, "f_hl_ae": 1.3726790698209954, "hidden_batch_norm": 0.5305372145627818, "initializer": 0.922111461767193, "lr": 0.09114004004174289, "n_hl_ae": 1.2178269659048513, "opt": 0.04862639942031555}, "datetime": {"datetime": "2020-01-13 16:15:24", "elapsed": 423.171548, "delta": 3.564473}}
{"target": 1.065777280905057, "params": {"act_func": 1.027832953024771, "dropout": 0.3048932188314995, "enc_dim": 155.81358964571967, "f_hl_ae": 1.209749949655635, "hidden_batch_norm": 0.11570323332709365, "initializer": 0.5771402440203418, "lr": 0.031168269415436087, "n_hl_ae": 2.015871421787467, "opt": 1.8977220414410148}, "datetime": {"datetime": "2020-01-13 16:15:26", "elapsed": 425.456402, "delta": 2.284854}}
{"target": 23.600939759497066, "params": {"act_func": 1.9197630639825713, "dropout": 0.07024311083043273, "enc_dim": 288.93378340991677, "f_hl_ae": 1.5218483217500718, "hidden_batch_norm": 0.4146619399905236, "initializer": 0.26455561210462697, "lr": 0.001, "n_hl_ae": 1.3684509966496456, "opt": 1.136867897737297}, "datetime": {"datetime": "2020-01-13 16:15:56", "elapsed": 455.380581, "delta": 29.924179}}
{"target": 37.718621093131, "params": {"act_func": 2.7381032837844437, "dropout": 0.31397424987833183, "enc_dim": 148.13396082805676, "f_hl_ae": 1.3866932879268723, "hidden_batch_norm": 0.7761643064744962, "initializer": 0.6951186717164404, "lr": 0.001, "n_hl_ae": 0.5606453076175796, "opt": 1.7742560642255547}, "datetime": {"datetime": "2020-01-13 16:16:19", "elapsed": 478.340567, "delta": 22.959986}}
{"target": 45.559042303760215, "params": {"act_func": 2.4154740706459954, "dropout": 0.23699745672829375, "enc_dim": 192.67504860157635, "f_hl_ae": 1.8501023470563558, "hidden_batch_norm": 0.46563764470512536, "initializer": 0.8275706889348008, "lr": 0.001, "n_hl_ae": 0.07733658647083541, "opt": 1.367194405118474}, "datetime": {"datetime": "2020-01-13 16:16:42", "elapsed": 501.628245, "delta": 23.287678}}
{"target": 18.313635684555322, "params": {"act_func": 0.2123377726306266, "dropout": 0.45762214936781753, "enc_dim": 248.37154928447674, "f_hl_ae": 1.2353603133584414, "hidden_batch_norm": 0.1476458154132071, "initializer": 0.17635134808741681, "lr": 0.001, "n_hl_ae": 2.3267113714798686, "opt": 1.4093526288404803}, "datetime": {"datetime": "2020-01-13 16:16:46", "elapsed": 505.370251, "delta": 3.742006}}
{"target": 18.770166332193273, "params": {"act_func": 1.1776949929234877, "dropout": 0.46446019551471546, "enc_dim": 203.0484222193738, "f_hl_ae": 1.2215625103037473, "hidden_batch_norm": 0.22959882564399647, "initializer": 0.491795296565235, "lr": 0.001, "n_hl_ae": 1.4734774983249084, "opt": 0.9391551358545123}, "datetime": {"datetime": "2020-01-13 16:16:49", "elapsed": 509.024476, "delta": 3.654225}}
{"target": 18.814011243438728, "params": {"act_func": 1.7094275151849208, "dropout": 0.020516462178802677, "enc_dim": 256.84392320024665, "f_hl_ae": 1.243881864032352, "hidden_batch_norm": 0.624973702622182, "initializer": 0.8793137514356503, "lr": 0.001, "n_hl_ae": 2.7328326826436484, "opt": 0.8186718130569444}, "datetime": {"datetime": "2020-01-13 16:17:08", "elapsed": 527.350435, "delta": 18.325959}}
{"target": 26.50251932043542, "params": {"act_func": 0.4668871022499942, "dropout": 0.0589740388550851, "enc_dim": 144.2335414431492, "f_hl_ae": 1.0921645730290268, "hidden_batch_norm": 0.014242987667877127, "initializer": 0.3234956485212723, "lr": 0.001, "n_hl_ae": 1.835933830500023, "opt": 0.5512768071694953}, "datetime": {"datetime": "2020-01-13 16:17:13", "elapsed": 532.204451, "delta": 4.854016}}
{"target": 18.641743461038153, "params": {"act_func": 1.4012145822753708, "dropout": 0.10880278047121375, "enc_dim": 202.06309602476162, "f_hl_ae": 1.4721558254809, "hidden_batch_norm": 0.24314853198518283, "initializer": 0.4981469399927383, "lr": 0.001, "n_hl_ae": 2.117460241141645, "opt": 1.642939678758958}, "datetime": {"datetime": "2020-01-13 16:17:30", "elapsed": 549.42357, "delta": 17.219119}}
{"target": 17.658845450683213, "params": {"act_func": 2.6189517486402796, "dropout": 0.25725371805804925, "enc_dim": 178.17122932249856, "f_hl_ae": 1.0330645728456522, "hidden_batch_norm": 0.9553142781253741, "initializer": 0.2969651628757921, "lr": 0.001, "n_hl_ae": 2.356826942288386, "opt": 1.6010778582437322}, "datetime": {"datetime": "2020-01-13 16:18:01", "elapsed": 581.022059, "delta": 31.598489}}
{"target": 27.006180087930872, "params": {"act_func": 0.6821871981909796, "dropout": 0.13964033956083527, "enc_dim": 226.62071697507358, "f_hl_ae": 1.8399661004919385, "hidden_batch_norm": 0.7693036075311427, "initializer": 0.1608943259802389, "lr": 0.001, "n_hl_ae": 1.0905818799899456, "opt": 1.366298311255189}, "datetime": {"datetime": "2020-01-13 16:18:07", "elapsed": 586.348844, "delta": 5.326785}}
{"target": 40.33478406841868, "params": {"act_func": 2.903534908881081, "dropout": 0.4527888427354806, "enc_dim": 165.09054439364297, "f_hl_ae": 1.3881290199621694, "hidden_batch_norm": 0.8123745403877317, "initializer": 0.02104666606393779, "lr": 0.001, "n_hl_ae": 0.20507793454212953, "opt": 1.3339640315187593}, "datetime": {"datetime": "2020-01-13 16:18:30", "elapsed": 609.399222, "delta": 23.050378}}
{"target": 37.00944604140994, "params": {"act_func": 1.1605576086454024, "dropout": 0.24919037238285746, "enc_dim": 193.06469760745148, "f_hl_ae": 1.7756045317006146, "hidden_batch_norm": 0.34193675455026673, "initializer": 0.46022580887640197, "lr": 0.001, "n_hl_ae": 0.822383169864281, "opt": 1.382044412059241}, "datetime": {"datetime": "2020-01-13 16:18:53", "elapsed": 632.573343, "delta": 23.174121}}
{"target": 18.76410710471841, "params": {"act_func": 1.3355053026432546, "dropout": 0.3535075791275653, "enc_dim": 121.89948467131919, "f_hl_ae": 1.6426410864302963, "hidden_batch_norm": 0.67718312427912, "initializer": 0.6825311900257209, "lr": 0.001, "n_hl_ae": 1.351242318137892, "opt": 0.4090551250789567}, "datetime": {"datetime": "2020-01-13 16:19:00", "elapsed": 639.896758, "delta": 7.323415}}
{"target": 17.194735521439828, "params": {"act_func": 2.4173774614693455, "dropout": 0.42712497125625315, "enc_dim": 201.54967784128047, "f_hl_ae": 1.8244634764044272, "hidden_batch_norm": 0.7841417424271968, "initializer": 0.42408135194328667, "lr": 0.001, "n_hl_ae": 2.280502695944898, "opt": 0.8931267851838731}, "datetime": {"datetime": "2020-01-13 16:19:06", "elapsed": 645.137732, "delta": 5.240974}}
{"target": 73.29927589569076, "params": {"act_func": 2.0420702633610412, "dropout": 0.387855131911962, "enc_dim": 280.6988659086602, "f_hl_ae": 1.3149244301496181, "hidden_batch_norm": 0.7432378512598208, "initializer": 0.46858348705412034, "lr": 0.001, "n_hl_ae": 0.8527992004200124, "opt": 0.29059120838974084}, "datetime": {"datetime": "2020-01-13 16:19:28", "elapsed": 668.033592, "delta": 22.89586}}
{"target": 25.79342855538985, "params": {"act_func": 0.054066810116005226, "dropout": 0.08048327740971654, "enc_dim": 153.70214948327083, "f_hl_ae": 1.4931360700224303, "hidden_batch_norm": 0.17495799637064458, "initializer": 0.5039625911720392, "lr": 0.001, "n_hl_ae": 2.5624823388524276, "opt": 1.3045552506168017}, "datetime": {"datetime": "2020-01-13 16:19:36", "elapsed": 675.340046, "delta": 7.306454}}
{"target": 26.116308038160994, "params": {"act_func": 1.6200365561674124, "dropout": 0.20965957381749248, "enc_dim": 106.39004031467924, "f_hl_ae": 1.5360262970420469, "hidden_batch_norm": 0.6746924851739002, "initializer": 0.9471089093909758, "lr": 0.001, "n_hl_ae": 0.779847797165353, "opt": 0.12334702434911171}, "datetime": {"datetime": "2020-01-13 16:19:57", "elapsed": 696.907351, "delta": 21.567305}}
{"target": 18.712760871131593, "params": {"act_func": 1.7634293037539766, "dropout": 0.045528923150018476, "enc_dim": 143.53062740241947, "f_hl_ae": 1.7218360349554556, "hidden_batch_norm": 0.44437562917515105, "initializer": 0.8928405846710327, "lr": 0.001, "n_hl_ae": 2.269937029814413, "opt": 1.3394865227011274}, "datetime": {"datetime": "2020-01-13 16:20:20", "elapsed": 719.203705, "delta": 22.296354}}
{"target": 23.861983791313484, "params": {"act_func": 1.0216639615601935, "dropout": 0.4068158690583763, "enc_dim": 100.67157776765075, "f_hl_ae": 1.8969587991404788, "hidden_batch_norm": 0.2893539042431097, "initializer": 0.5438865758398005, "lr": 0.001, "n_hl_ae": 0.36671683365577723, "opt": 0.2116960579872198}, "datetime": {"datetime": "2020-01-13 16:20:41", "elapsed": 740.710172, "delta": 21.506467}}
{"target": 17.3843758622129, "params": {"act_func": 2.6508085017094856, "dropout": 0.3329320599247056, "enc_dim": 295.83551504177365, "f_hl_ae": 1.363800458578993, "hidden_batch_norm": 0.07823958620248239, "initializer": 0.4112167436557608, "lr": 0.001, "n_hl_ae": 1.4442387464700133, "opt": 0.9299143971687698}, "datetime": {"datetime": "2020-01-13 16:20:55", "elapsed": 754.571093, "delta": 13.860921}}
{"target": 64.37856601369428, "params": {"act_func": 1.5046883641538362, "dropout": 0.06880762148313611, "enc_dim": 267.0330684494106, "f_hl_ae": 1.3944816671455014, "hidden_batch_norm": 0.3047190703944693, "initializer": 0.7037252025907759, "lr": 0.001, "n_hl_ae": 0.1783633086891141, "opt": 0.1146959597951338}, "datetime": {"datetime": "2020-01-13 16:21:18", "elapsed": 777.061927, "delta": 22.490834}}
{"target": 19.8960062892487, "params": {"act_func": 2.3453809557789196, "dropout": 0.37851345235080514, "enc_dim": 119.92416834749037, "f_hl_ae": 1.1057585878030927, "hidden_batch_norm": 0.10769313411549686, "initializer": 0.4864105558152011, "lr": 0.001, "n_hl_ae": 1.818851844558264, "opt": 0.9880018368106238}, "datetime": {"datetime": "2020-01-13 16:21:25", "elapsed": 784.885997, "delta": 7.82407}}
{"target": 19.868792820086643, "params": {"act_func": 1.0773917423546084, "dropout": 0.08788301922958706, "enc_dim": 171.9771473197181, "f_hl_ae": 1.0299668228377006, "hidden_batch_norm": 0.2058921593983758, "initializer": 0.9869243591436582, "lr": 0.001, "n_hl_ae": 1.1315734428420838, "opt": 1.5632671899085817}, "datetime": {"datetime": "2020-01-13 16:21:54", "elapsed": 814.014075, "delta": 29.128078}}
{"target": 18.793380453443845, "params": {"act_func": 1.6850662340355393, "dropout": 0.10617226379370685, "enc_dim": 102.72037786440582, "f_hl_ae": 1.463631166980076, "hidden_batch_norm": 0.025780059592794835, "initializer": 0.2329424893534886, "lr": 0.001, "n_hl_ae": 2.736685041263703, "opt": 0.27150414179991866}, "datetime": {"datetime": "2020-01-13 16:22:10", "elapsed": 829.146645, "delta": 15.13257}}
{"target": 18.684589935342622, "params": {"act_func": 1.6703376386581437, "dropout": 0.2500950589737977, "enc_dim": 170.92269868710363, "f_hl_ae": 1.5223812457333916, "hidden_batch_norm": 0.4443605878733592, "initializer": 0.9205669023875509, "lr": 0.001, "n_hl_ae": 2.1367632318202094, "opt": 1.377083840358503}, "datetime": {"datetime": "2020-01-13 16:22:26", "elapsed": 845.715324, "delta": 16.568679}}
{"target": 18.8042400666268, "params": {"act_func": 1.0846269851164227, "dropout": 0.07390618011351198, "enc_dim": 170.40371216230474, "f_hl_ae": 1.0513227064654656, "hidden_batch_norm": 0.1844651410903555, "initializer": 0.157078681405603, "lr": 0.001, "n_hl_ae": 2.5341604535124502, "opt": 0.5393237207295172}, "datetime": {"datetime": "2020-01-13 16:22:40", "elapsed": 859.333903, "delta": 13.618579}}
{"target": 54.1323667612345, "params": {"act_func": 2.3646904232025068, "dropout": 0.3251356301641935, "enc_dim": 189.42364669079072, "f_hl_ae": 1.578939446888341, "hidden_batch_norm": 0.6456984303527734, "initializer": 0.6288513403224287, "lr": 0.001, "n_hl_ae": 0.12424284536502983, "opt": 0.8199438271469517}, "datetime": {"datetime": "2020-01-13 16:23:02", "elapsed": 881.050885, "delta": 21.716982}}
{"target": 67.68645968618152, "params": {"act_func": 2.448085481675135, "dropout": 0.328071467317218, "enc_dim": 280.8881519471307, "f_hl_ae": 1.2212854386078353, "hidden_batch_norm": 0.38230665876338155, "initializer": 0.537993613875432, "lr": 0.001, "n_hl_ae": 0.8414174310972382, "opt": 0.6129400378182139}, "datetime": {"datetime": "2020-01-13 16:23:23", "elapsed": 902.143521, "delta": 21.092636}}
{"target": 63.12797945840663, "params": {"act_func": 1.1954626047177177, "dropout": 0.23676493074924518, "enc_dim": 295.1523410440725, "f_hl_ae": 1.3284951612995903, "hidden_batch_norm": 0.4463787937790803, "initializer": 0.9146459532256642, "lr": 0.001, "n_hl_ae": 0.28623344228376835, "opt": 0.6074116707545287}, "datetime": {"datetime": "2020-01-13 16:23:44", "elapsed": 923.567378, "delta": 21.423857}}
{"target": 42.91613978548172, "params": {"act_func": 1.333355922130075, "dropout": 0.2841170990474122, "enc_dim": 246.31295934619664, "f_hl_ae": 1.6192119437700006, "hidden_batch_norm": 0.06767970242445775, "initializer": 0.9394807710674657, "lr": 0.001, "n_hl_ae": 0.19646180223177223, "opt": 1.8834184610802245}, "datetime": {"datetime": "2020-01-13 16:24:08", "elapsed": 947.224067, "delta": 23.656689}}
{"target": 35.655484693153596, "params": {"act_func": 1.0394719720674828, "dropout": 0.11553291110295152, "enc_dim": 184.12932033311614, "f_hl_ae": 1.729983711667606, "hidden_batch_norm": 0.09083452774677137, "initializer": 0.09083056933922151, "lr": 0.001, "n_hl_ae": 0.5952602785582013, "opt": 0.5733268686000335}, "datetime": {"datetime": "2020-01-13 16:24:28", "elapsed": 967.732239, "delta": 20.508172}}
{"target": 39.899982017477605, "params": {"act_func": 1.431523535806843, "dropout": 0.337754287027788, "enc_dim": 199.81768646944712, "f_hl_ae": 1.3100571728472858, "hidden_batch_norm": 0.6903127473861311, "initializer": 0.9606023437279398, "lr": 0.001, "n_hl_ae": 0.05511868541614828, "opt": 1.0603674030242078}, "datetime": {"datetime": "2020-01-13 16:24:51", "elapsed": 990.993013, "delta": 23.260774}}
{"target": 69.95625248802122, "params": {"act_func": 1.0969565105990826, "dropout": 0.34575147271670276, "enc_dim": 282.73425151294146, "f_hl_ae": 1.8111793337625381, "hidden_batch_norm": 0.7923842517704642, "initializer": 0.6281311684587556, "lr": 0.001, "n_hl_ae": 0.9097706432202083, "opt": 0.37863199788821755}, "datetime": {"datetime": "2020-01-13 16:25:12", "elapsed": 1011.9559, "delta": 20.962887}}
{"target": 18.798417748515014, "params": {"act_func": 1.5834893334375706, "dropout": 0.4829965179327215, "enc_dim": 213.27430389335711, "f_hl_ae": 1.578259434389877, "hidden_batch_norm": 0.14620487571097596, "initializer": 0.6004652996374988, "lr": 0.001, "n_hl_ae": 1.1398402618131538, "opt": 0.7328865800461393}, "datetime": {"datetime": "2020-01-13 16:25:17", "elapsed": 1016.490768, "delta": 4.534868}}
{"target": 18.771101392295687, "params": {"act_func": 1.9437433028657711, "dropout": 0.1454206467593255, "enc_dim": 195.41572143071556, "f_hl_ae": 1.0308828709620899, "hidden_batch_norm": 0.7326707334011971, "initializer": 0.7351693640766959, "lr": 0.001, "n_hl_ae": 2.820644359730924, "opt": 0.21510285736122503}, "datetime": {"datetime": "2020-01-13 16:25:26", "elapsed": 1025.147625, "delta": 8.656857}}
{"target": 21.43058820629154, "params": {"act_func": 0.4803485464374684, "dropout": 0.0920104685500881, "enc_dim": 110.6862353947266, "f_hl_ae": 1.4782274295112459, "hidden_batch_norm": 0.21433059070626403, "initializer": 0.6181567406470573, "lr": 0.001, "n_hl_ae": 2.6004177889889797, "opt": 0.6399834274067879}, "datetime": {"datetime": "2020-01-13 16:25:30", "elapsed": 1029.99368, "delta": 4.846055}}
{"target": 18.733556951934762, "params": {"act_func": 1.5790421439716549, "dropout": 0.1801730818963492, "enc_dim": 265.3852464300578, "f_hl_ae": 1.5721090172541299, "hidden_batch_norm": 0.8534090144345724, "initializer": 0.880208863984588, "lr": 0.001, "n_hl_ae": 1.5672307822771958, "opt": 0.8652660507294161}, "datetime": {"datetime": "2020-01-13 16:25:37", "elapsed": 1036.187077, "delta": 6.193397}}
{"target": 35.31193943281993, "params": {"act_func": 0.34080202986761143, "dropout": 0.4549634302932035, "enc_dim": 147.98691430707598, "f_hl_ae": 1.3819740617653058, "hidden_batch_norm": 0.9116414438064471, "initializer": 0.25005425734975617, "lr": 0.001, "n_hl_ae": 0.9556632066071918, "opt": 1.088667474282112}, "datetime": {"datetime": "2020-01-13 16:25:59", "elapsed": 1058.998103, "delta": 22.811026}}
{"target": 17.44908214971539, "params": {"act_func": 2.8331253658666693, "dropout": 0.33102008929375365, "enc_dim": 104.39987243734683, "f_hl_ae": 1.117579379261036, "hidden_batch_norm": 0.7754796730277873, "initializer": 0.8065075641894911, "lr": 0.001, "n_hl_ae": 2.530896981921013, "opt": 0.8687694239041832}, "datetime": {"datetime": "2020-01-13 16:26:06", "elapsed": 1065.665277, "delta": 6.667174}}
{"target": 21.93487242804099, "params": {"act_func": 0.6286865771970422, "dropout": 0.281507420752846, "enc_dim": 194.00450667665376, "f_hl_ae": 1.0106403424519361, "hidden_batch_norm": 0.13827016180236407, "initializer": 0.3547225745243713, "lr": 0.001, "n_hl_ae": 1.7443578918449014, "opt": 0.9871715617414263}, "datetime": {"datetime": "2020-01-13 16:26:10", "elapsed": 1069.256694, "delta": 3.591417}}
{"target": 34.985961459705045, "params": {"act_func": 1.6536611220936694, "dropout": 0.053284137759948356, "enc_dim": 165.90659782496397, "f_hl_ae": 1.8041806624200736, "hidden_batch_norm": 0.07347929578844792, "initializer": 0.2797055066307298, "lr": 0.001, "n_hl_ae": 0.9849391816305452, "opt": 0.9939839325364834}, "datetime": {"datetime": "2020-01-13 16:26:30", "elapsed": 1089.820952, "delta": 20.564258}}
{"target": 27.722540315459597, "params": {"act_func": 1.8876167459220903, "dropout": 0.3113487818325711, "enc_dim": 118.56851508822419, "f_hl_ae": 1.291492336239076, "hidden_batch_norm": 0.6984446762290726, "initializer": 0.721268881572311, "lr": 0.001, "n_hl_ae": 0.7868967089716551, "opt": 1.7449971342313302}, "datetime": {"datetime": "2020-01-13 16:26:53", "elapsed": 1112.72172, "delta": 22.900768}}
{"target": 47.43044591515483, "params": {"act_func": 2.8745347374977417, "dropout": 0.3673911828907293, "enc_dim": 184.3344728023543, "f_hl_ae": 1.5874379691663572, "hidden_batch_norm": 0.6612841735782908, "initializer": 0.8839640391104936, "lr": 0.001, "n_hl_ae": 0.09813093051319755, "opt": 0.0740810245415926}, "datetime": {"datetime": "2020-01-13 16:27:15", "elapsed": 1134.87047, "delta": 22.14875}}
{"target": 18.61329042325811, "params": {"act_func": 1.982774423476961, "dropout": 0.4529359716483513, "enc_dim": 294.6164417680716, "f_hl_ae": 1.176487996393107, "hidden_batch_norm": 0.22321951545553154, "initializer": 0.1529052693143369, "lr": 0.001, "n_hl_ae": 2.9262183853116848, "opt": 1.3299321467009075}, "datetime": {"datetime": "2020-01-13 16:27:26", "elapsed": 1145.653652, "delta": 10.783182}}
{"target": 36.40430635935752, "params": {"act_func": 0.2743887344048337, "dropout": 0.4342231444663558, "enc_dim": 163.73736168204556, "f_hl_ae": 1.5859746375161246, "hidden_batch_norm": 0.44795823432574955, "initializer": 0.18567914141327835, "lr": 0.001, "n_hl_ae": 0.6685644315822679, "opt": 0.6011428683276592}, "datetime": {"datetime": "2020-01-13 16:27:49", "elapsed": 1168.752865, "delta": 23.099213}}
