{"target": 1.0446262406998532, "params": {"act_func": 1.6464405117819743, "dropout": 0.35044278952248553, "enc_dim": 220.55267521432876, "f_hl_ae": 1.5448831829968968, "hidden_batch_norm": 0.4236547993389047, "initializer": 0.6458941130666561, "lr": 0.056678866084993444, "n_hl_ae": 2.675319002346239, "opt": 1.9273255210020586}, "datetime": {"datetime": "2020-01-13 16:08:20", "elapsed": 0.0, "delta": 0.0}}
{"target": 0.9517165383717059, "params": {"act_func": 1.150324556477333, "dropout": 0.38794526866050566, "enc_dim": 205.77898395058088, "f_hl_ae": 1.5680445610939322, "hidden_batch_norm": 0.925596638292661, "initializer": 0.07103605819788694, "lr": 0.09137419932954748, "n_hl_ae": 0.06065519232097716, "opt": 1.665239691095876}, "datetime": {"datetime": "2020-01-13 16:08:22", "elapsed": 1.689482, "delta": 1.689482}}
{"target": 0.5435224326880487, "params": {"act_func": 2.3344702528495516, "dropout": 0.4263059526409414, "enc_dim": 295.7236684465528, "f_hl_ae": 1.7991585642167236, "hidden_batch_norm": 0.46147936225293185, "initializer": 0.7805291762864555, "lr": 0.08829083183897561, "n_hl_ae": 1.9197630639825713, "opt": 0.2867065748180928}, "datetime": {"datetime": "2020-01-13 16:08:24", "elapsed": 3.363004, "delta": 1.673522}}
{"target": 0.5467666653175364, "params": {"act_func": 2.8340067511487517, "dropout": 0.2557056776575351, "enc_dim": 182.93238799810473, "f_hl_ae": 1.264555612104627, "hidden_batch_norm": 0.7742336894342167, "initializer": 0.45615033221654855, "lr": 0.0437250390620038, "n_hl_ae": 0.056369401309065426, "opt": 1.2352709941517541}, "datetime": {"datetime": "2020-01-13 16:08:26", "elapsed": 5.344702, "delta": 1.981698}}
{"target": 1.0454633128780166, "params": {"act_func": 1.8362871681672641, "dropout": 0.3022976584686309, "enc_dim": 288.74961570292487, "f_hl_ae": 1.6818202991034834, "hidden_batch_norm": 0.359507900573786, "initializer": 0.43703195379934145, "lr": 0.03093451160320078, "n_hl_ae": 0.1806764148878095, "opt": 1.3335334308913354}, "datetime": {"datetime": "2020-01-13 16:08:27", "elapsed": 7.003267, "delta": 1.658565}}
{"target": 0.5435017408654179, "params": {"act_func": 2.0119136088544782, "dropout": 0.10308745492618204, "enc_dim": 125.78525953097066, "f_hl_ae": 1.3154283509241838, "hidden_batch_norm": 0.3637107709426226, "initializer": 0.5701967704178796, "lr": 0.05657845016723029, "n_hl_ae": 2.9651215141776786, "opt": 0.20408962149605614}, "datetime": {"datetime": "2020-01-13 16:08:29", "elapsed": 9.023861, "delta": 2.020594}}
{"target": 17.721738203404684, "params": {"act_func": 0.6266302682845041, "dropout": 0.07904166376364817, "enc_dim": 230.62166509307968, "f_hl_ae": 1.253291602539782, "hidden_batch_norm": 0.4663107728563063, "initializer": 0.24442559200160274, "lr": 0.08426201121909355, "n_hl_ae": 0.3311254234929154, "opt": 1.3126591789305468}, "datetime": {"datetime": "2020-01-13 16:08:52", "elapsed": 31.36416, "delta": 22.340299}}
{"target": 16.872106214395547, "params": {"act_func": 0.4145488540458414, "dropout": 0.09632535722322622, "enc_dim": 173.7450341321928, "f_hl_ae": 1.820993229847935, "hidden_batch_norm": 0.09710127579306127, "initializer": 0.8379449074988039, "lr": 0.09048625761849766, "n_hl_ae": 2.929378395040187, "opt": 0.9373024032954032}, "datetime": {"datetime": "2020-01-13 16:08:58", "elapsed": 37.222524, "delta": 5.858364}}
{"target": 0.5435224326880487, "params": {"act_func": 2.9302832645710115, "dropout": 0.29637430467507253, "enc_dim": 247.85271587966034, "f_hl_ae": 1.0391877922543207, "hidden_batch_norm": 0.2828069625764096, "initializer": 0.1201965612131689, "lr": 0.07068212044530765, "n_hl_ae": 0.35618315686273216, "opt": 0.635966358787952}, "datetime": {"datetime": "2020-01-13 16:08:59", "elapsed": 38.817258, "delta": 1.594734}}
{"target": 1.0557424014547752, "params": {"act_func": 1.2427889835440098, "dropout": 0.03143227321090434, "enc_dim": 238.49442387400396, "f_hl_ae": 1.5666014542065752, "hidden_batch_norm": 0.2653894909394454, "initializer": 0.5232480534666997, "lr": 0.09069988943491428, "n_hl_ae": 1.7278394866685378, "opt": 1.8585923951524281}, "datetime": {"datetime": "2020-01-13 16:09:01", "elapsed": 40.746098, "delta": 1.92884}}
{"target": 22.799072034514488, "params": {"act_func": 0.955706857353971, "dropout": 0.327031086182204, "enc_dim": 126.35957248087843, "f_hl_ae": 1.7163272041185655, "hidden_batch_norm": 0.2894060929472011, "initializer": 0.18319136200711683, "lr": 0.04193521945380177, "n_hl_ae": 0.06032263856248066, "opt": 1.6578800584347262}, "datetime": {"datetime": "2020-01-13 16:09:22", "elapsed": 61.655208, "delta": 20.90911}}
{"target": 18.26673389646865, "params": {"act_func": 0.014086428577641197, "dropout": 0.3321301030301527, "enc_dim": 154.00159463843298, "f_hl_ae": 1.7351940221225948, "hidden_batch_norm": 0.9621885451174382, "initializer": 0.24875314351995803, "lr": 0.04296042389263415, "n_hl_ae": 1.776125793815517, "opt": 1.1445038115817467}, "datetime": {"datetime": "2020-01-13 16:09:27", "elapsed": 66.212075, "delta": 4.556867}}
{"target": 20.255774052837335, "params": {"act_func": 0.6692448979218549, "dropout": 0.46684701564332265, "enc_dim": 189.42507572352548, "f_hl_ae": 1.846408672471128, "hidden_batch_norm": 0.6994792753175043, "initializer": 0.29743695085513366, "lr": 0.019434015849454755, "n_hl_ae": 1.189517222540954, "opt": 1.7622063942223232}, "datetime": {"datetime": "2020-01-13 16:09:31", "elapsed": 70.162534, "delta": 3.950459}}
{"target": 0.9764829588691206, "params": {"act_func": 1.743818617907576, "dropout": 0.4320503273088779, "enc_dim": 238.50631801555318, "f_hl_ae": 1.7252542798196404, "hidden_batch_norm": 0.5013243819267023, "initializer": 0.9560836347232239, "lr": 0.0362449702762659, "n_hl_ae": 1.271565145674539, "opt": 1.2127864282558487}, "datetime": {"datetime": "2020-01-13 16:09:33", "elapsed": 72.291851, "delta": 2.129317}}
{"target": 17.66590640945243, "params": {"act_func": 0.05757959492800058, "dropout": 0.14777166017052917, "enc_dim": 232.03470749853702, "f_hl_ae": 1.290077607210444, "hidden_batch_norm": 0.6180154289988415, "initializer": 0.42876870094576613, "lr": 0.08658806764197743, "n_hl_ae": 0.8948469778680923, "opt": 1.1399298214025297}, "datetime": {"datetime": "2020-01-13 16:09:55", "elapsed": 94.517529, "delta": 22.225678}}
{"target": 1.0415588716150586, "params": {"act_func": 1.7726182837445197, "dropout": 0.2814193719362936, "enc_dim": 230.64016397142672, "f_hl_ae": 1.6521032700016889, "hidden_batch_norm": 0.43141843543397396, "initializer": 0.896546595851063, "lr": 0.06361137486525825, "n_hl_ae": 1.3075947757968804, "opt": 1.7838467100313442}, "datetime": {"datetime": "2020-01-13 16:09:57", "elapsed": 96.639873, "delta": 2.122344}}
{"target": 0.5435224326880487, "params": {"act_func": 2.418581967138257, "dropout": 0.3449054059347795, "enc_dim": 120.04537746246022, "f_hl_ae": 1.9194826137446737, "hidden_batch_norm": 0.7142412995491114, "initializer": 0.9988470065678665, "lr": 0.08520461783885863, "n_hl_ae": 2.6043781721046426, "opt": 0.32498586935274965}, "datetime": {"datetime": "2020-01-13 16:09:59", "elapsed": 98.534804, "delta": 1.894931}}
{"target": 0.9598631036621346, "params": {"act_func": 1.8466786928515324, "dropout": 0.06067179159622634, "enc_dim": 269.6016458644469, "f_hl_ae": 1.8073189587250107, "hidden_batch_norm": 0.5691007386145933, "initializer": 0.40718329722599966, "lr": 0.09315246744994134, "n_hl_ae": 2.0922863194336907, "opt": 0.9070853653561377}, "datetime": {"datetime": "2020-01-13 16:10:01", "elapsed": 100.481596, "delta": 1.946792}}
{"target": 24.996242720034033, "params": {"act_func": 2.1661667984110435, "dropout": 0.4245273397050283, "enc_dim": 295.10430100057715, "f_hl_ae": 1.855803342392611, "hidden_batch_norm": 0.011714084185001972, "initializer": 0.3599780644783639, "lr": 0.02773093432001826, "n_hl_ae": 0.5148890317843215, "opt": 1.0420732124082586}, "datetime": {"datetime": "2020-01-13 16:10:24", "elapsed": 123.917006, "delta": 23.43541}}
{"target": 20.91741237466248, "params": {"act_func": 0.1630139650177609, "dropout": 0.09799829719923603, "enc_dim": 103.7043588921228, "f_hl_ae": 1.7936977033574206, "hidden_batch_norm": 0.22392468806038013, "initializer": 0.3453516806969027, "lr": 0.008119951946906498, "n_hl_ae": 2.1132432057705985, "opt": 0.0636778590626157}, "datetime": {"datetime": "2020-01-13 16:10:30", "elapsed": 129.200996, "delta": 5.28399}}
{"target": 17.331227831637033, "params": {"act_func": 0.49408246949373824, "dropout": 0.3045244167348841, "enc_dim": 215.4457177208335, "f_hl_ae": 1.2378928213745086, "hidden_batch_norm": 0.9342139979247938, "initializer": 0.613965955965896, "lr": 0.046972352500529134, "n_hl_ae": 1.769729929063713, "opt": 1.4602440590335393}, "datetime": {"datetime": "2020-01-13 16:10:36", "elapsed": 135.287713, "delta": 6.086717}}
{"target": 19.385880952747655, "params": {"act_func": 0.9358349864388056, "dropout": 0.19512832048588502, "enc_dim": 141.96874979502442, "f_hl_ae": 1.186193005880336, "hidden_batch_norm": 0.9443723899839336, "initializer": 0.7395507950492876, "lr": 0.051444577946860866, "n_hl_ae": 0.6822438839199697, "opt": 0.5087129635407859}, "datetime": {"datetime": "2020-01-13 16:10:38", "elapsed": 137.879792, "delta": 2.592079}}
{"target": 17.799276918766747, "params": {"act_func": 0.17408748097162685, "dropout": 0.21286414652347918, "enc_dim": 162.35917639882052, "f_hl_ae": 1.6963434888154594, "hidden_batch_norm": 0.3777518392924809, "initializer": 0.1796036775596348, "lr": 0.09755680588925822, "n_hl_ae": 0.20174889438974575, "opt": 1.3587855469971346}, "datetime": {"datetime": "2020-01-13 16:10:42", "elapsed": 141.526061, "delta": 3.646269}}
{"target": 0.9497173855333004, "params": {"act_func": 1.3610905336681358, "dropout": 0.26292381344327387, "enc_dim": 279.3342586080684, "f_hl_ae": 1.9903389473967044, "hidden_batch_norm": 0.21689698439847394, "initializer": 0.6630782031001008, "lr": 0.07393108470302209, "n_hl_ae": 0.06195299839718604, "opt": 1.516757307672283}, "datetime": {"datetime": "2020-01-13 16:10:44", "elapsed": 143.114819, "delta": 1.588758}}
{"target": 17.039991805803247, "params": {"act_func": 0.9600514524674035, "dropout": 0.18789730814423, "enc_dim": 217.66342271072114, "f_hl_ae": 1.8310484552361905, "hidden_batch_norm": 0.6289818435911487, "initializer": 0.8726506554473953, "lr": 0.07291933855325206, "n_hl_ae": 2.394140501737691, "opt": 0.3712718886119044}, "datetime": {"datetime": "2020-01-13 16:10:48", "elapsed": 147.851141, "delta": 4.736322}}
{"target": 0.5435224366913348, "params": {"act_func": 2.8583749709158335, "dropout": 0.3368692554300295, "enc_dim": 143.1015354227117, "f_hl_ae": 1.9473705904889242, "hidden_batch_norm": 0.7308558067701578, "initializer": 0.25394164259502583, "lr": 0.07888211424061929, "n_hl_ae": 1.5546021417919897, "opt": 0.05132543610906315}, "datetime": {"datetime": "2020-01-13 16:10:50", "elapsed": 149.52763, "delta": 1.676489}}
{"target": 26.56042512111659, "params": {"act_func": 0.6224102263233282, "dropout": 0.20809587968823806, "enc_dim": 174.83399606684512, "f_hl_ae": 1.4635754243648107, "hidden_batch_norm": 0.2776287062947319, "initializer": 0.5867843464581688, "lr": 0.014478295013600095, "n_hl_ae": 0.35259556788609925, "opt": 1.0347582143082283}, "datetime": {"datetime": "2020-01-13 16:11:11", "elapsed": 170.868565, "delta": 21.340935}}
{"target": 18.018525673533613, "params": {"act_func": 0.39620431903545994, "dropout": 0.3512612437843709, "enc_dim": 179.21194056145873, "f_hl_ae": 1.565421311858509, "hidden_batch_norm": 0.18327983621407862, "initializer": 0.14484775934337724, "lr": 0.0516824282157535, "n_hl_ae": 1.0668382135498669, "opt": 1.880863890505626}, "datetime": {"datetime": "2020-01-13 16:11:18", "elapsed": 177.379173, "delta": 6.510608}}
{"target": 107.74841764906598, "params": {"act_func": 2.2959757614208955, "dropout": 0.36684517372676817, "enc_dim": 280.7439479491867, "f_hl_ae": 1.0834224354420185, "hidden_batch_norm": 0.5521924699224066, "initializer": 0.5844760689557689, "lr": 0.004768298523824321, "n_hl_ae": 0.8764425803776466, "opt": 0.48165755983089364}, "datetime": {"datetime": "2020-01-13 16:11:23", "elapsed": 182.727933, "delta": 5.34876}}
{"target": 16.352278088205757, "params": {"act_func": 0.30088182679649345, "dropout": 0.00805051849982236, "enc_dim": 285.90586335843807, "f_hl_ae": 1.66991654659091, "hidden_batch_norm": 0.7851529120231378, "initializer": 0.2817301057539491, "lr": 0.04194539354755366, "n_hl_ae": 0.19186579836294337, "opt": 0.9712551918692458}, "datetime": {"datetime": "2020-01-13 16:11:42", "elapsed": 201.512658, "delta": 18.784725}}
{"target": 18.76267543238564, "params": {"act_func": 2.9324854192333403, "dropout": 0.4294875702051295, "enc_dim": 167.63179036736912, "f_hl_ae": 1.9615701545414985, "hidden_batch_norm": 0.2317016264712045, "initializer": 0.9493188224156814, "lr": 0.006803607234056638, "n_hl_ae": 2.397607762057175, "opt": 1.2608958737335823}, "datetime": {"datetime": "2020-01-13 16:12:07", "elapsed": 226.249524, "delta": 24.736866}}
{"target": 0.5435224326880487, "params": {"act_func": 2.622863899874841, "dropout": 0.14357993940882038, "enc_dim": 269.7887110625836, "f_hl_ae": 1.6178766919175238, "hidden_batch_norm": 0.01323685775889949, "initializer": 0.34723351793221957, "lr": 0.08533405476613166, "n_hl_ae": 2.9454881694547597, "opt": 0.9567406140799761}, "datetime": {"datetime": "2020-01-13 16:12:09", "elapsed": 228.443655, "delta": 2.194131}}
{"target": 1.0532028446147128, "params": {"act_func": 1.492174096495988, "dropout": 0.31334153303537454, "enc_dim": 173.7169212259235, "f_hl_ae": 1.136900271685599, "hidden_batch_norm": 0.8221177331942455, "initializer": 0.18984791190275796, "lr": 0.04937942072790086, "n_hl_ae": 0.6729510869242178, "opt": 0.1956889689880681}, "datetime": {"datetime": "2020-01-13 16:12:11", "elapsed": 230.057337, "delta": 1.613682}}
{"target": 0.5435224326880487, "params": {"act_func": 2.58657455226505, "dropout": 0.4767305496213338, "enc_dim": 292.1669316126, "f_hl_ae": 1.906555499221179, "hidden_batch_norm": 0.7740473326986388, "initializer": 0.3331451520286419, "lr": 0.09197096239118832, "n_hl_ae": 1.221723514241422, "opt": 0.4644682843418855}, "datetime": {"datetime": "2020-01-13 16:12:12", "elapsed": 231.726872, "delta": 1.669535}}
{"target": 14.472292500979256, "params": {"act_func": 0.3974629042739489, "dropout": 0.02617931907554438, "enc_dim": 245.11887284211576, "f_hl_ae": 1.0114274586250311, "hidden_batch_norm": 0.7705807485027762, "initializer": 0.14694664540037505, "lr": 0.09212731382391119, "n_hl_ae": 0.26880910271581615, "opt": 1.344095614707829}, "datetime": {"datetime": "2020-01-13 16:12:15", "elapsed": 234.856526, "delta": 3.129654}}
{"target": 17.53756027637519, "params": {"act_func": 0.7361016295585343, "dropout": 0.20606433867324825, "enc_dim": 211.47375826478338, "f_hl_ae": 1.8605511738287936, "hidden_batch_norm": 0.7270442627113283, "initializer": 0.27032790523871464, "lr": 0.08698320287017837, "n_hl_ae": 0.16612296126359383, "opt": 0.603197268961885}, "datetime": {"datetime": "2020-01-13 16:12:19", "elapsed": 238.218508, "delta": 3.361982}}
{"target": 16.50777138888164, "params": {"act_func": 0.7863544477190347, "dropout": 0.22350887773223502, "enc_dim": 236.6562671095361, "f_hl_ae": 1.695625445638857, "hidden_batch_norm": 0.28351884658216664, "initializer": 0.3799269559001205, "lr": 0.0820660547880466, "n_hl_ae": 2.365636536919556, "opt": 0.1136961528664806}, "datetime": {"datetime": "2020-01-13 16:12:24", "elapsed": 243.161308, "delta": 4.9428}}
{"target": 0.5435224326880487, "params": {"act_func": 2.090991725174962, "dropout": 0.38156074401114065, "enc_dim": 255.48151236975062, "f_hl_ae": 1.259422564345355, "hidden_batch_norm": 0.37381313793256143, "initializer": 0.587599635196389, "lr": 0.07299063165997777, "n_hl_ae": 1.1125583976536662, "opt": 0.3941085603712793}, "datetime": {"datetime": "2020-01-13 16:12:25", "elapsed": 244.858777, "delta": 1.697469}}
{"target": 1.0614158886181115, "params": {"act_func": 1.3795676512680222, "dropout": 0.0218600276145159, "enc_dim": 259.9591769141236, "f_hl_ae": 1.0769564469866326, "hidden_batch_norm": 0.518835148831526, "initializer": 0.3068100995451961, "lr": 0.042823248065693834, "n_hl_ae": 2.8783000225002753, "opt": 1.2911404889120077}, "datetime": {"datetime": "2020-01-13 16:12:28", "elapsed": 247.424878, "delta": 2.566101}}
{"target": 17.292544325427322, "params": {"act_func": 0.10608730726647275, "dropout": 0.21089719535895, "enc_dim": 202.00337046365004, "f_hl_ae": 1.5361774947034519, "hidden_batch_norm": 0.6813925106038379, "initializer": 0.2775960977317661, "lr": 0.0872428040188343, "n_hl_ae": 1.178027029641283, "opt": 1.9128114455918976}, "datetime": {"datetime": "2020-01-13 16:12:33", "elapsed": 252.654919, "delta": 5.230041}}
{"target": 18.861110328887992, "params": {"act_func": 0.5613926752525342, "dropout": 0.4429521379148361, "enc_dim": 208.76119001546527, "f_hl_ae": 1.4569114216457657, "hidden_batch_norm": 0.8820414102298896, "initializer": 0.45860396176858587, "lr": 0.028307403975457224, "n_hl_ae": 1.1970759651093061, "opt": 1.8080887858019155}, "datetime": {"datetime": "2020-01-13 16:13:00", "elapsed": 279.64088, "delta": 26.985961}}
{"target": 0.5435224326880487, "params": {"act_func": 2.070075060573682, "dropout": 0.3428148065827532, "enc_dim": 165.54408031142378, "f_hl_ae": 1.7567786427368892, "hidden_batch_norm": 0.6360610554471413, "initializer": 0.24002027337970955, "lr": 0.08410665657395962, "n_hl_ae": 2.389174423551995, "opt": 1.918333206070445}, "datetime": {"datetime": "2020-01-13 16:13:03", "elapsed": 282.13421, "delta": 2.49333}}
{"target": 1.1550535158820148, "params": {"act_func": 1.3744164817801285, "dropout": 0.2895822410086056, "enc_dim": 271.5445288387109, "f_hl_ae": 1.457223453353857, "hidden_batch_norm": 0.9518744768327362, "initializer": 0.5757511620448724, "lr": 0.01874405505056982, "n_hl_ae": 2.726531155238215, "opt": 1.6310476375371377}, "datetime": {"datetime": "2020-01-13 16:13:05", "elapsed": 284.743357, "delta": 2.609147}}
{"target": 23.039935423598028, "params": {"act_func": 0.4782433903468678, "dropout": 0.30816023514023316, "enc_dim": 179.68685172393543, "f_hl_ae": 1.0627129520233458, "hidden_batch_norm": 0.42403225188984195, "initializer": 0.2586840668894077, "lr": 0.015945207465577427, "n_hl_ae": 0.09991387964008858, "opt": 1.917965443726947}, "datetime": {"datetime": "2020-01-13 16:13:09", "elapsed": 288.405559, "delta": 3.662202}}
{"target": 1.0425209083648364, "params": {"act_func": 1.066106545415789, "dropout": 0.174786376297246, "enc_dim": 103.26570053674158, "f_hl_ae": 1.1852323252361838, "hidden_batch_norm": 0.4012595008036087, "initializer": 0.9292914173027139, "lr": 0.09013812190809414, "n_hl_ae": 2.835904600437239, "opt": 1.7389770610932644}, "datetime": {"datetime": "2020-01-13 16:13:11", "elapsed": 290.915807, "delta": 2.510248}}
{"target": 0.9568907359204699, "params": {"act_func": 1.3624871907226552, "dropout": 0.16008343206644743, "enc_dim": 146.54882585581137, "f_hl_ae": 1.6144647064768742, "hidden_batch_norm": 0.03307459147550562, "initializer": 0.015606064446828216, "lr": 0.05754922347267446, "n_hl_ae": 0.20422222192416062, "opt": 0.5038819764921858}, "datetime": {"datetime": "2020-01-13 16:13:13", "elapsed": 292.754889, "delta": 1.839082}}
{"target": 21.27806527425236, "params": {"act_func": 0.6634827460382515, "dropout": 0.12406368492419745, "enc_dim": 126.21104624305156, "f_hl_ae": 1.0120362228976543, "hidden_batch_norm": 0.11548429713874808, "initializer": 0.6184802595127479, "lr": 0.0035486349310130255, "n_hl_ae": 2.9710350046826814, "opt": 0.8181081907461232}, "datetime": {"datetime": "2020-01-13 16:13:17", "elapsed": 296.250537, "delta": 3.495648}}
{"target": 19.63636835234047, "params": {"act_func": 0.4888632781398161, "dropout": 0.31299326110959935, "enc_dim": 198.06106930974744, "f_hl_ae": 1.9894097772844315, "hidden_batch_norm": 0.0653042071517802, "initializer": 0.7832344383138131, "lr": 0.07144854876418211, "n_hl_ae": 0.724255860229722, "opt": 1.325009143065352}, "datetime": {"datetime": "2020-01-13 16:13:38", "elapsed": 317.89787, "delta": 21.647333}}
{"target": 18.158723619517268, "params": {"act_func": 0.7381895549728934, "dropout": 0.326270967604002, "enc_dim": 203.46170344045777, "f_hl_ae": 1.4240889884358494, "hidden_batch_norm": 0.554687808661419, "initializer": 0.28705151991962974, "lr": 0.030049104078975084, "n_hl_ae": 1.244570608000692, "opt": 0.7210911209717845}, "datetime": {"datetime": "2020-01-13 16:13:41", "elapsed": 320.674442, "delta": 2.776572}}
{"target": 18.512756850999896, "params": {"act_func": 2.485970743667213, "dropout": 0.4532337868570641, "enc_dim": 109.20146217745939, "f_hl_ae": 1.2326269928297655, "hidden_batch_norm": 0.34851936949256324, "initializer": 0.8149664793702474, "lr": 0.002436348663313548, "n_hl_ae": 2.9069151140110554, "opt": 1.8098966910998537}, "datetime": {"datetime": "2020-01-13 16:14:09", "elapsed": 348.324648, "delta": 27.650206}}
{"target": 22.641195953872785, "params": {"act_func": 0.8896687951920896, "dropout": 0.4860855092730923, "enc_dim": 149.88400821129025, "f_hl_ae": 1.1059061548822322, "hidden_batch_norm": 0.9509526110553941, "initializer": 0.2334202554680963, "lr": 0.0317129417573027, "n_hl_ae": 0.175069076941766, "opt": 1.4614181982549523}, "datetime": {"datetime": "2020-01-13 16:14:28", "elapsed": 367.353838, "delta": 19.02919}}
{"target": 0.5435101809697545, "params": {"act_func": 2.645160637001519, "dropout": 0.13349407877832162, "enc_dim": 175.81137921548572, "f_hl_ae": 1.374296183320916, "hidden_batch_norm": 0.7487882575401331, "initializer": 0.23780724253903884, "lr": 0.08298654319428335, "n_hl_ae": 1.3478749460632142, "opt": 0.608936814754639}, "datetime": {"datetime": "2020-01-13 16:14:30", "elapsed": 369.322545, "delta": 1.968707}}
