{"target": 70.35746537732429, "params": {"act_func": 1.8054240086087467, "dropout": 0.32633261383540363, "enc_dim": 285.42658313282016, "f_hl_ae": 1.21325166976654, "hidden_batch_norm": 0.5741128485692822, "initializer": 0.17623057028549804, "lr": 0.001, "n_hl_ae": 0.2808379712811627, "opt": 0.13188802029589786}, "datetime": {"datetime": "2020-01-13 16:28:10", "elapsed": 1189.390621, "delta": 20.637756}}
{"target": 47.49619651283964, "params": {"act_func": 1.307306166242398, "dropout": 0.35923597742616387, "enc_dim": 241.5972337376715, "f_hl_ae": 1.188177437663096, "hidden_batch_norm": 0.7393389934719397, "initializer": 0.9208836884695787, "lr": 0.001, "n_hl_ae": 0.6243657121528963, "opt": 0.22815328532633705}, "datetime": {"datetime": "2020-01-13 16:28:31", "elapsed": 1210.162055, "delta": 20.771434}}
{"target": 46.67479475618777, "params": {"act_func": 2.637996473646299, "dropout": 0.4380507806159815, "enc_dim": 184.15567198642395, "f_hl_ae": 1.557359775129427, "hidden_batch_norm": 0.9201507997560439, "initializer": 0.20783759715985672, "lr": 0.001, "n_hl_ae": 0.9413954331176216, "opt": 0.5754131216347531}, "datetime": {"datetime": "2020-01-13 16:28:53", "elapsed": 1232.623213, "delta": 22.461158}}
{"target": 16.99345125506025, "params": {"act_func": 2.983409245825649, "dropout": 0.3512377842454367, "enc_dim": 256.382238678005, "f_hl_ae": 1.8144524232308124, "hidden_batch_norm": 0.4754492770554828, "initializer": 0.11781783403241475, "lr": 0.001, "n_hl_ae": 2.4008145185303373, "opt": 0.9002718151336104}, "datetime": {"datetime": "2020-01-13 16:29:06", "elapsed": 1245.523742, "delta": 12.900529}}
{"target": 21.306164949832276, "params": {"act_func": 0.6093535251968439, "dropout": 0.0101565156471064, "enc_dim": 130.62574354698862, "f_hl_ae": 1.1264788906155516, "hidden_batch_norm": 0.19211281950545367, "initializer": 0.28931867668742683, "lr": 0.001, "n_hl_ae": 2.842212718149474, "opt": 1.4996950279652697}, "datetime": {"datetime": "2020-01-13 16:29:36", "elapsed": 1275.772992, "delta": 30.24925}}
{"target": 20.716094737421827, "params": {"act_func": 2.2901116594994058, "dropout": 0.14347028135351644, "enc_dim": 136.6665159953492, "f_hl_ae": 1.9848769283272185, "hidden_batch_norm": 0.09585018309033455, "initializer": 0.07119097631373539, "lr": 0.001, "n_hl_ae": 1.9426679143949717, "opt": 0.5155817537894423}, "datetime": {"datetime": "2020-01-13 16:29:57", "elapsed": 1296.955576, "delta": 21.182584}}
{"target": 18.796679032834042, "params": {"act_func": 1.913034723678828, "dropout": 0.07633960583508242, "enc_dim": 188.3869632153416, "f_hl_ae": 1.3169699675180815, "hidden_batch_norm": 0.33426043060089927, "initializer": 0.8478752822345458, "lr": 0.001, "n_hl_ae": 2.191865848950015, "opt": 0.1136285377268722}, "datetime": {"datetime": "2020-01-13 16:30:11", "elapsed": 1310.86456, "delta": 13.908984}}
{"target": 19.148728218428428, "params": {"act_func": 1.2368542076601816, "dropout": 0.07424222995722037, "enc_dim": 220.5604998634675, "f_hl_ae": 1.2350816537647695, "hidden_batch_norm": 0.6415798484917516, "initializer": 0.3937780411637982, "lr": 0.001, "n_hl_ae": 2.045692748373278, "opt": 1.1165076314785942}, "datetime": {"datetime": "2020-01-13 16:30:45", "elapsed": 1344.296278, "delta": 33.431718}}
{"target": 18.593599643248346, "params": {"act_func": 1.6826941194732004, "dropout": 0.3247818912900631, "enc_dim": 227.69184065238397, "f_hl_ae": 1.4293925342690446, "hidden_batch_norm": 0.5595235217555868, "initializer": 0.8835133267774827, "lr": 0.001, "n_hl_ae": 2.6249210477780185, "opt": 1.6491892608777698}, "datetime": {"datetime": "2020-01-13 16:30:57", "elapsed": 1356.840748, "delta": 12.54447}}
{"target": 18.819902906405567, "params": {"act_func": 1.8487761975050911, "dropout": 0.16228430295297705, "enc_dim": 112.36765582115702, "f_hl_ae": 1.6401774366087207, "hidden_batch_norm": 0.31843387613069885, "initializer": 0.35223140401050224, "lr": 0.001, "n_hl_ae": 1.8529576921679096, "opt": 0.4824565870706281}, "datetime": {"datetime": "2020-01-13 16:31:14", "elapsed": 1373.39344, "delta": 16.552692}}
{"target": 23.41797273431597, "params": {"act_func": 0.539795616857348, "dropout": 0.17438719698390173, "enc_dim": 159.56141653720422, "f_hl_ae": 1.7939235243410883, "hidden_batch_norm": 0.9570619610550452, "initializer": 0.017507961327720256, "lr": 0.001, "n_hl_ae": 2.577332511853327, "opt": 1.9961337871862967}, "datetime": {"datetime": "2020-01-13 16:31:21", "elapsed": 1380.348857, "delta": 6.955417}}
{"target": 17.782941865322623, "params": {"act_func": 2.9218255627354504, "dropout": 0.098206881644622, "enc_dim": 291.79310306614957, "f_hl_ae": 1.5482347243502979, "hidden_batch_norm": 0.115390265017567, "initializer": 0.6362119824397497, "lr": 0.001, "n_hl_ae": 2.884264054444218, "opt": 1.8150788506211075}, "datetime": {"datetime": "2020-01-13 16:31:57", "elapsed": 1416.854496, "delta": 36.505639}}
{"target": 30.45133327502716, "params": {"act_func": 2.4064422178875944, "dropout": 0.21675721026236586, "enc_dim": 129.3619946042547, "f_hl_ae": 1.1059182940520134, "hidden_batch_norm": 0.7009721827231158, "initializer": 0.5933610572582886, "lr": 0.001, "n_hl_ae": 0.09257880788249662, "opt": 1.9395708659356403}, "datetime": {"datetime": "2020-01-13 16:32:21", "elapsed": 1440.938135, "delta": 24.083639}}
{"target": 48.661714827113606, "params": {"act_func": 2.65354776374102, "dropout": 0.11532955487544984, "enc_dim": 241.97048645761566, "f_hl_ae": 1.0570138661020803, "hidden_batch_norm": 0.7385742175101674, "initializer": 0.12408568579741008, "lr": 0.001, "n_hl_ae": 0.5722913511105623, "opt": 1.6044715429192784}, "datetime": {"datetime": "2020-01-13 16:32:46", "elapsed": 1465.581187, "delta": 24.643052}}
{"target": 18.770280006732534, "params": {"act_func": 1.9700676076358814, "dropout": 0.069067396671154, "enc_dim": 173.21037648817006, "f_hl_ae": 1.3531023019923523, "hidden_batch_norm": 0.9736814094513556, "initializer": 0.5118367251358427, "lr": 0.001, "n_hl_ae": 2.404079689339431, "opt": 0.7637324543682182}, "datetime": {"datetime": "2020-01-13 16:32:57", "elapsed": 1476.759285, "delta": 11.178098}}
{"target": 1.0233846479807889, "params": {"act_func": 1.6464405117819743, "dropout": 0.35044278952248553, "enc_dim": 220.55267521432876, "f_hl_ae": 1.5448831829968968, "hidden_batch_norm": 0.4236547993389047, "initializer": 0.6458941130666561, "lr": 0.056678866084993444, "n_hl_ae": 2.675319002346239, "opt": 1.9273255210020586}, "datetime": {"datetime": "2020-01-13 18:19:01", "elapsed": 0.0, "delta": 0.0}}
{"target": 0.9529723037601555, "params": {"act_func": 1.150324556477333, "dropout": 0.38794526866050566, "enc_dim": 205.77898395058088, "f_hl_ae": 1.5680445610939322, "hidden_batch_norm": 0.925596638292661, "initializer": 0.07103605819788694, "lr": 0.09137419932954748, "n_hl_ae": 0.06065519232097716, "opt": 1.665239691095876}, "datetime": {"datetime": "2020-01-13 18:19:03", "elapsed": 1.671528, "delta": 1.671528}}
{"target": 0.5435224326880487, "params": {"act_func": 2.3344702528495516, "dropout": 0.4263059526409414, "enc_dim": 295.7236684465528, "f_hl_ae": 1.7991585642167236, "hidden_batch_norm": 0.46147936225293185, "initializer": 0.7805291762864555, "lr": 0.08829083183897561, "n_hl_ae": 1.9197630639825713, "opt": 0.2867065748180928}, "datetime": {"datetime": "2020-01-13 18:19:04", "elapsed": 3.362031, "delta": 1.690503}}
{"target": 0.559457425536991, "params": {"act_func": 2.8340067511487517, "dropout": 0.2557056776575351, "enc_dim": 182.93238799810473, "f_hl_ae": 1.264555612104627, "hidden_batch_norm": 0.7742336894342167, "initializer": 0.45615033221654855, "lr": 0.0437250390620038, "n_hl_ae": 0.056369401309065426, "opt": 1.2352709941517541}, "datetime": {"datetime": "2020-01-13 18:19:06", "elapsed": 5.14723, "delta": 1.785199}}
{"target": 9.151271552680308, "params": {"act_func": 1.8362871681672641, "dropout": 0.3022976584686309, "enc_dim": 288.74961570292487, "f_hl_ae": 1.6818202991034834, "hidden_batch_norm": 0.359507900573786, "initializer": 0.43703195379934145, "lr": 0.03093451160320078, "n_hl_ae": 0.1806764148878095, "opt": 1.3335334308913354}, "datetime": {"datetime": "2020-01-13 18:19:29", "elapsed": 27.984865, "delta": 22.837635}}
{"target": 0.5431141642141876, "params": {"act_func": 2.0119136088544782, "dropout": 0.10308745492618204, "enc_dim": 125.78525953097066, "f_hl_ae": 1.3154283509241838, "hidden_batch_norm": 0.3637107709426226, "initializer": 0.5701967704178796, "lr": 0.05657845016723029, "n_hl_ae": 2.9651215141776786, "opt": 0.20408962149605614}, "datetime": {"datetime": "2020-01-13 18:19:31", "elapsed": 30.112171, "delta": 2.127306}}
{"target": 16.85035942776982, "params": {"act_func": 0.6266302682845041, "dropout": 0.07904166376364817, "enc_dim": 230.62166509307968, "f_hl_ae": 1.253291602539782, "hidden_batch_norm": 0.4663107728563063, "initializer": 0.24442559200160274, "lr": 0.08426201121909355, "n_hl_ae": 0.3311254234929154, "opt": 1.3126591789305468}, "datetime": {"datetime": "2020-01-13 18:19:53", "elapsed": 52.628934, "delta": 22.516763}}
{"target": 17.573351363295714, "params": {"act_func": 0.4145488540458414, "dropout": 0.09632535722322622, "enc_dim": 173.7450341321928, "f_hl_ae": 1.820993229847935, "hidden_batch_norm": 0.09710127579306127, "initializer": 0.8379449074988039, "lr": 0.09048625761849766, "n_hl_ae": 2.929378395040187, "opt": 0.9373024032954032}, "datetime": {"datetime": "2020-01-13 18:19:58", "elapsed": 57.050108, "delta": 4.421174}}
{"target": 0.5435236717079123, "params": {"act_func": 2.9302832645710115, "dropout": 0.29637430467507253, "enc_dim": 247.85271587966034, "f_hl_ae": 1.0391877922543207, "hidden_batch_norm": 0.2828069625764096, "initializer": 0.1201965612131689, "lr": 0.07068212044530765, "n_hl_ae": 0.35618315686273216, "opt": 0.635966358787952}, "datetime": {"datetime": "2020-01-13 18:19:59", "elapsed": 58.632874, "delta": 1.582766}}
{"target": 0.9515882028884367, "params": {"act_func": 1.2427889835440098, "dropout": 0.03143227321090434, "enc_dim": 238.49442387400396, "f_hl_ae": 1.5666014542065752, "hidden_batch_norm": 0.2653894909394454, "initializer": 0.5232480534666997, "lr": 0.09069988943491428, "n_hl_ae": 1.7278394866685378, "opt": 1.8585923951524281}, "datetime": {"datetime": "2020-01-13 18:20:02", "elapsed": 60.954664, "delta": 2.32179}}
{"target": 21.33401689297302, "params": {"act_func": 0.955706857353971, "dropout": 0.327031086182204, "enc_dim": 126.35957248087843, "f_hl_ae": 1.7163272041185655, "hidden_batch_norm": 0.2894060929472011, "initializer": 0.18319136200711683, "lr": 0.04193521945380177, "n_hl_ae": 0.06032263856248066, "opt": 1.6578800584347262}, "datetime": {"datetime": "2020-01-13 18:20:23", "elapsed": 82.481431, "delta": 21.526767}}
{"target": 18.178316627432643, "params": {"act_func": 0.014086428577641197, "dropout": 0.3321301030301527, "enc_dim": 154.00159463843298, "f_hl_ae": 1.7351940221225948, "hidden_batch_norm": 0.9621885451174382, "initializer": 0.24875314351995803, "lr": 0.04296042389263415, "n_hl_ae": 1.776125793815517, "opt": 1.1445038115817467}, "datetime": {"datetime": "2020-01-13 18:20:50", "elapsed": 108.802477, "delta": 26.321046}}
{"target": 19.59183395241193, "params": {"act_func": 0.6692448979218549, "dropout": 0.46684701564332265, "enc_dim": 189.42507572352548, "f_hl_ae": 1.846408672471128, "hidden_batch_norm": 0.6994792753175043, "initializer": 0.29743695085513366, "lr": 0.019434015849454755, "n_hl_ae": 1.189517222540954, "opt": 1.7622063942223232}, "datetime": {"datetime": "2020-01-13 18:20:53", "elapsed": 112.425783, "delta": 3.623306}}
{"target": 1.003115727840195, "params": {"act_func": 1.743818617907576, "dropout": 0.4320503273088779, "enc_dim": 238.50631801555318, "f_hl_ae": 1.7252542798196404, "hidden_batch_norm": 0.5013243819267023, "initializer": 0.9560836347232239, "lr": 0.0362449702762659, "n_hl_ae": 1.271565145674539, "opt": 1.2127864282558487}, "datetime": {"datetime": "2020-01-13 18:20:57", "elapsed": 116.524818, "delta": 4.099035}}
{"target": 21.653643045897955, "params": {"act_func": 0.05757959492800058, "dropout": 0.14777166017052917, "enc_dim": 232.03470749853702, "f_hl_ae": 1.290077607210444, "hidden_batch_norm": 0.6180154289988415, "initializer": 0.42876870094576613, "lr": 0.08658806764197743, "n_hl_ae": 0.8948469778680923, "opt": 1.1399298214025297}, "datetime": {"datetime": "2020-01-13 18:21:22", "elapsed": 140.910697, "delta": 24.385879}}
{"target": 1.0413385312043408, "params": {"act_func": 1.7726182837445197, "dropout": 0.2814193719362936, "enc_dim": 230.64016397142672, "f_hl_ae": 1.6521032700016889, "hidden_batch_norm": 0.43141843543397396, "initializer": 0.896546595851063, "lr": 0.06361137486525825, "n_hl_ae": 1.3075947757968804, "opt": 1.7838467100313442}, "datetime": {"datetime": "2020-01-13 18:21:25", "elapsed": 143.746082, "delta": 2.835385}}
{"target": 0.5435224326880487, "params": {"act_func": 2.418581967138257, "dropout": 0.3449054059347795, "enc_dim": 120.04537746246022, "f_hl_ae": 1.9194826137446737, "hidden_batch_norm": 0.7142412995491114, "initializer": 0.9988470065678665, "lr": 0.08520461783885863, "n_hl_ae": 2.6043781721046426, "opt": 0.32498586935274965}, "datetime": {"datetime": "2020-01-13 18:21:27", "elapsed": 145.672927, "delta": 1.926845}}
{"target": 1.0593234088024972, "params": {"act_func": 1.8466786928515324, "dropout": 0.06067179159622634, "enc_dim": 269.6016458644469, "f_hl_ae": 1.8073189587250107, "hidden_batch_norm": 0.5691007386145933, "initializer": 0.40718329722599966, "lr": 0.09315246744994134, "n_hl_ae": 2.0922863194336907, "opt": 0.9070853653561377}, "datetime": {"datetime": "2020-01-13 18:21:28", "elapsed": 147.563871, "delta": 1.890944}}
{"target": 0.6627790777557403, "params": {"act_func": 2.1661667984110435, "dropout": 0.4245273397050283, "enc_dim": 295.10430100057715, "f_hl_ae": 1.855803342392611, "hidden_batch_norm": 0.011714084185001972, "initializer": 0.3599780644783639, "lr": 0.02773093432001826, "n_hl_ae": 0.5148890317843215, "opt": 1.0420732124082586}, "datetime": {"datetime": "2020-01-13 18:21:30", "elapsed": 149.608399, "delta": 2.044528}}
{"target": 18.960053349492597, "params": {"act_func": 0.1630139650177609, "dropout": 0.09799829719923603, "enc_dim": 103.7043588921228, "f_hl_ae": 1.7936977033574206, "hidden_batch_norm": 0.22392468806038013, "initializer": 0.3453516806969027, "lr": 0.008119951946906498, "n_hl_ae": 2.1132432057705985, "opt": 0.0636778590626157}, "datetime": {"datetime": "2020-01-13 18:21:34", "elapsed": 152.725071, "delta": 3.116672}}
{"target": 18.21652703257831, "params": {"act_func": 0.49408246949373824, "dropout": 0.3045244167348841, "enc_dim": 215.4457177208335, "f_hl_ae": 1.2378928213745086, "hidden_batch_norm": 0.9342139979247938, "initializer": 0.613965955965896, "lr": 0.046972352500529134, "n_hl_ae": 1.769729929063713, "opt": 1.4602440590335393}, "datetime": {"datetime": "2020-01-13 18:21:39", "elapsed": 157.788517, "delta": 5.063446}}
{"target": 19.723758156354815, "params": {"act_func": 0.9358349864388056, "dropout": 0.19512832048588502, "enc_dim": 141.96874979502442, "f_hl_ae": 1.186193005880336, "hidden_batch_norm": 0.9443723899839336, "initializer": 0.7395507950492876, "lr": 0.051444577946860866, "n_hl_ae": 0.6822438839199697, "opt": 0.5087129635407859}, "datetime": {"datetime": "2020-01-13 18:21:43", "elapsed": 161.798788, "delta": 4.010271}}
{"target": 18.850910372508228, "params": {"act_func": 0.17408748097162685, "dropout": 0.21286414652347918, "enc_dim": 162.35917639882052, "f_hl_ae": 1.6963434888154594, "hidden_batch_norm": 0.3777518392924809, "initializer": 0.1796036775596348, "lr": 0.09755680588925822, "n_hl_ae": 0.20174889438974575, "opt": 1.3587855469971346}, "datetime": {"datetime": "2020-01-13 18:22:05", "elapsed": 184.137031, "delta": 22.338243}}
{"target": 0.9522567352995837, "params": {"act_func": 1.3610905336681358, "dropout": 0.26292381344327387, "enc_dim": 279.3342586080684, "f_hl_ae": 1.9903389473967044, "hidden_batch_norm": 0.21689698439847394, "initializer": 0.6630782031001008, "lr": 0.07393108470302209, "n_hl_ae": 0.06195299839718604, "opt": 1.516757307672283}, "datetime": {"datetime": "2020-01-13 18:22:07", "elapsed": 185.717802, "delta": 1.580771}}
{"target": 17.805589417731884, "params": {"act_func": 0.9600514524674035, "dropout": 0.18789730814423, "enc_dim": 217.66342271072114, "f_hl_ae": 1.8310484552361905, "hidden_batch_norm": 0.6289818435911487, "initializer": 0.8726506554473953, "lr": 0.07291933855325206, "n_hl_ae": 2.394140501737691, "opt": 0.3712718886119044}, "datetime": {"datetime": "2020-01-13 18:22:32", "elapsed": 210.72031, "delta": 25.002508}}
{"target": 0.5434071825088078, "params": {"act_func": 2.8583749709158335, "dropout": 0.3368692554300295, "enc_dim": 143.1015354227117, "f_hl_ae": 1.9473705904889242, "hidden_batch_norm": 0.7308558067701578, "initializer": 0.25394164259502583, "lr": 0.07888211424061929, "n_hl_ae": 1.5546021417919897, "opt": 0.05132543610906315}, "datetime": {"datetime": "2020-01-13 18:22:33", "elapsed": 212.508526, "delta": 1.788216}}
{"target": 27.092222769298054, "params": {"act_func": 0.6224102263233282, "dropout": 0.20809587968823806, "enc_dim": 174.83399606684512, "f_hl_ae": 1.4635754243648107, "hidden_batch_norm": 0.2776287062947319, "initializer": 0.5867843464581688, "lr": 0.014478295013600095, "n_hl_ae": 0.35259556788609925, "opt": 1.0347582143082283}, "datetime": {"datetime": "2020-01-13 18:22:37", "elapsed": 216.177713, "delta": 3.669187}}
{"target": 18.23308367710215, "params": {"act_func": 0.39620431903545994, "dropout": 0.3512612437843709, "enc_dim": 179.21194056145873, "f_hl_ae": 1.565421311858509, "hidden_batch_norm": 0.18327983621407862, "initializer": 0.14484775934337724, "lr": 0.0516824282157535, "n_hl_ae": 1.0668382135498669, "opt": 1.880863890505626}, "datetime": {"datetime": "2020-01-13 18:22:43", "elapsed": 222.123852, "delta": 5.946139}}
{"target": 119.43718686616418, "params": {"act_func": 2.2959757614208955, "dropout": 0.36684517372676817, "enc_dim": 280.7439479491867, "f_hl_ae": 1.0834224354420185, "hidden_batch_norm": 0.5521924699224066, "initializer": 0.5844760689557689, "lr": 0.004768298523824321, "n_hl_ae": 0.8764425803776466, "opt": 0.48165755983089364}, "datetime": {"datetime": "2020-01-13 18:23:03", "elapsed": 242.458454, "delta": 20.334602}}
{"target": 17.952298932682332, "params": {"act_func": 0.30088182679649345, "dropout": 0.00805051849982236, "enc_dim": 285.90586335843807, "f_hl_ae": 1.66991654659091, "hidden_batch_norm": 0.7851529120231378, "initializer": 0.2817301057539491, "lr": 0.04194539354755366, "n_hl_ae": 0.19186579836294337, "opt": 0.9712551918692458}, "datetime": {"datetime": "2020-01-13 18:23:24", "elapsed": 263.023441, "delta": 20.564987}}
{"target": 4.2069697109316815, "params": {"act_func": 2.9324854192333403, "dropout": 0.4294875702051295, "enc_dim": 167.63179036736912, "f_hl_ae": 1.9615701545414985, "hidden_batch_norm": 0.2317016264712045, "initializer": 0.9493188224156814, "lr": 0.006803607234056638, "n_hl_ae": 2.397607762057175, "opt": 1.2608958737335823}, "datetime": {"datetime": "2020-01-13 18:23:27", "elapsed": 266.52607, "delta": 3.502629}}
{"target": 0.5435224326880487, "params": {"act_func": 2.622863899874841, "dropout": 0.14357993940882038, "enc_dim": 269.7887110625836, "f_hl_ae": 1.6178766919175238, "hidden_batch_norm": 0.01323685775889949, "initializer": 0.34723351793221957, "lr": 0.08533405476613166, "n_hl_ae": 2.9454881694547597, "opt": 0.9567406140799761}, "datetime": {"datetime": "2020-01-13 18:23:30", "elapsed": 268.847861, "delta": 2.321791}}
{"target": 0.9498860080789104, "params": {"act_func": 1.492174096495988, "dropout": 0.31334153303537454, "enc_dim": 173.7169212259235, "f_hl_ae": 1.136900271685599, "hidden_batch_norm": 0.8221177331942455, "initializer": 0.18984791190275796, "lr": 0.04937942072790086, "n_hl_ae": 0.6729510869242178, "opt": 0.1956889689880681}, "datetime": {"datetime": "2020-01-13 18:23:31", "elapsed": 270.23814, "delta": 1.390279}}
{"target": 0.5435224326880487, "params": {"act_func": 2.58657455226505, "dropout": 0.4767305496213338, "enc_dim": 292.1669316126, "f_hl_ae": 1.906555499221179, "hidden_batch_norm": 0.7740473326986388, "initializer": 0.3331451520286419, "lr": 0.09197096239118832, "n_hl_ae": 1.221723514241422, "opt": 0.4644682843418855}, "datetime": {"datetime": "2020-01-13 18:23:33", "elapsed": 272.17097, "delta": 1.93283}}
{"target": 19.8152486128188, "params": {"act_func": 0.3974629042739489, "dropout": 0.02617931907554438, "enc_dim": 245.11887284211576, "f_hl_ae": 1.0114274586250311, "hidden_batch_norm": 0.7705807485027762, "initializer": 0.14694664540037505, "lr": 0.09212731382391119, "n_hl_ae": 0.26880910271581615, "opt": 1.344095614707829}, "datetime": {"datetime": "2020-01-13 18:23:41", "elapsed": 279.763659, "delta": 7.592689}}
{"target": 16.860118443311443, "params": {"act_func": 0.7361016295585343, "dropout": 0.20606433867324825, "enc_dim": 211.47375826478338, "f_hl_ae": 1.8605511738287936, "hidden_batch_norm": 0.7270442627113283, "initializer": 0.27032790523871464, "lr": 0.08698320287017837, "n_hl_ae": 0.16612296126359383, "opt": 0.603197268961885}, "datetime": {"datetime": "2020-01-13 18:24:01", "elapsed": 299.71132, "delta": 19.947661}}
{"target": 17.27213235741926, "params": {"act_func": 0.7863544477190347, "dropout": 0.22350887773223502, "enc_dim": 236.6562671095361, "f_hl_ae": 1.695625445638857, "hidden_batch_norm": 0.28351884658216664, "initializer": 0.3799269559001205, "lr": 0.0820660547880466, "n_hl_ae": 2.365636536919556, "opt": 0.1136961528664806}, "datetime": {"datetime": "2020-01-13 18:24:05", "elapsed": 303.735531, "delta": 4.024211}}
