{"target": 0.5433789287614096, "params": {"act_func": 2.090991725174962, "dropout": 0.38156074401114065, "enc_dim": 255.48151236975062, "f_hl_ae": 1.259422564345355, "hidden_batch_norm": 0.37381313793256143, "initializer": 0.587599635196389, "lr": 0.07299063165997777, "n_hl_ae": 1.1125583976536662, "opt": 0.3941085603712793}, "datetime": {"datetime": "2020-01-13 18:24:06", "elapsed": 305.470888, "delta": 1.735357}}
{"target": 0.9517319246535793, "params": {"act_func": 1.3795676512680222, "dropout": 0.0218600276145159, "enc_dim": 259.9591769141236, "f_hl_ae": 1.0769564469866326, "hidden_batch_norm": 0.518835148831526, "initializer": 0.3068100995451961, "lr": 0.042823248065693834, "n_hl_ae": 2.8783000225002753, "opt": 1.2911404889120077}, "datetime": {"datetime": "2020-01-13 18:24:09", "elapsed": 308.110826, "delta": 2.639938}}
{"target": 17.104312910296354, "params": {"act_func": 0.10608730726647275, "dropout": 0.21089719535895, "enc_dim": 202.00337046365004, "f_hl_ae": 1.5361774947034519, "hidden_batch_norm": 0.6813925106038379, "initializer": 0.2775960977317661, "lr": 0.0872428040188343, "n_hl_ae": 1.178027029641283, "opt": 1.9128114455918976}, "datetime": {"datetime": "2020-01-13 18:24:14", "elapsed": 312.721492, "delta": 4.610666}}
{"target": 18.69537012538478, "params": {"act_func": 0.5613926752525342, "dropout": 0.4429521379148361, "enc_dim": 208.76119001546527, "f_hl_ae": 1.4569114216457657, "hidden_batch_norm": 0.8820414102298896, "initializer": 0.45860396176858587, "lr": 0.028307403975457224, "n_hl_ae": 1.1970759651093061, "opt": 1.8080887858019155}, "datetime": {"datetime": "2020-01-13 18:24:18", "elapsed": 317.301241, "delta": 4.579749}}
{"target": 0.5435224326880487, "params": {"act_func": 2.070075060573682, "dropout": 0.3428148065827532, "enc_dim": 165.54408031142378, "f_hl_ae": 1.7567786427368892, "hidden_batch_norm": 0.6360610554471413, "initializer": 0.24002027337970955, "lr": 0.08410665657395962, "n_hl_ae": 2.389174423551995, "opt": 1.918333206070445}, "datetime": {"datetime": "2020-01-13 18:24:21", "elapsed": 319.890314, "delta": 2.589073}}
{"target": 1.1104593459595118, "params": {"act_func": 1.3744164817801285, "dropout": 0.2895822410086056, "enc_dim": 271.5445288387109, "f_hl_ae": 1.457223453353857, "hidden_batch_norm": 0.9518744768327362, "initializer": 0.5757511620448724, "lr": 0.01874405505056982, "n_hl_ae": 2.726531155238215, "opt": 1.6310476375371377}, "datetime": {"datetime": "2020-01-13 18:24:23", "elapsed": 322.577126, "delta": 2.686812}}
{"target": 25.599255713628843, "params": {"act_func": 0.4782433903468678, "dropout": 0.30816023514023316, "enc_dim": 179.68685172393543, "f_hl_ae": 1.0627129520233458, "hidden_batch_norm": 0.42403225188984195, "initializer": 0.2586840668894077, "lr": 0.015945207465577427, "n_hl_ae": 0.09991387964008858, "opt": 1.917965443726947}, "datetime": {"datetime": "2020-01-13 18:24:27", "elapsed": 326.435804, "delta": 3.858678}}
{"target": 0.9499571562206717, "params": {"act_func": 1.066106545415789, "dropout": 0.174786376297246, "enc_dim": 103.26570053674158, "f_hl_ae": 1.1852323252361838, "hidden_batch_norm": 0.4012595008036087, "initializer": 0.9292914173027139, "lr": 0.09013812190809414, "n_hl_ae": 2.835904600437239, "opt": 1.7389770610932644}, "datetime": {"datetime": "2020-01-13 18:24:30", "elapsed": 328.997951, "delta": 2.562147}}
{"target": 0.9578260258859898, "params": {"act_func": 1.3624871907226552, "dropout": 0.16008343206644743, "enc_dim": 146.54882585581137, "f_hl_ae": 1.6144647064768742, "hidden_batch_norm": 0.03307459147550562, "initializer": 0.015606064446828216, "lr": 0.05754922347267446, "n_hl_ae": 0.20422222192416062, "opt": 0.5038819764921858}, "datetime": {"datetime": "2020-01-13 18:24:50", "elapsed": 348.978648, "delta": 19.980697}}
{"target": 22.002189907447356, "params": {"act_func": 0.6634827460382515, "dropout": 0.12406368492419745, "enc_dim": 126.21104624305156, "f_hl_ae": 1.0120362228976543, "hidden_batch_norm": 0.11548429713874808, "initializer": 0.6184802595127479, "lr": 0.0035486349310130255, "n_hl_ae": 2.9710350046826814, "opt": 0.8181081907461232}, "datetime": {"datetime": "2020-01-13 18:24:54", "elapsed": 353.355937, "delta": 4.377289}}
{"target": 17.769478967825684, "params": {"act_func": 0.4888632781398161, "dropout": 0.31299326110959935, "enc_dim": 198.06106930974744, "f_hl_ae": 1.9894097772844315, "hidden_batch_norm": 0.0653042071517802, "initializer": 0.7832344383138131, "lr": 0.07144854876418211, "n_hl_ae": 0.724255860229722, "opt": 1.325009143065352}, "datetime": {"datetime": "2020-01-13 18:25:17", "elapsed": 376.339581, "delta": 22.983644}}
{"target": 18.576160907390314, "params": {"act_func": 0.7381895549728934, "dropout": 0.326270967604002, "enc_dim": 203.46170344045777, "f_hl_ae": 1.4240889884358494, "hidden_batch_norm": 0.554687808661419, "initializer": 0.28705151991962974, "lr": 0.030049104078975084, "n_hl_ae": 1.244570608000692, "opt": 0.7210911209717845}, "datetime": {"datetime": "2020-01-13 18:25:22", "elapsed": 380.777688, "delta": 4.438107}}
{"target": 19.492310997951876, "params": {"act_func": 2.485970743667213, "dropout": 0.4532337868570641, "enc_dim": 109.20146217745939, "f_hl_ae": 1.2326269928297655, "hidden_batch_norm": 0.34851936949256324, "initializer": 0.8149664793702474, "lr": 0.002436348663313548, "n_hl_ae": 2.9069151140110554, "opt": 1.8098966910998537}, "datetime": {"datetime": "2020-01-13 18:25:53", "elapsed": 412.499827, "delta": 31.722139}}
{"target": 23.337341404536502, "params": {"act_func": 0.8896687951920896, "dropout": 0.4860855092730923, "enc_dim": 149.88400821129025, "f_hl_ae": 1.1059061548822322, "hidden_batch_norm": 0.9509526110553941, "initializer": 0.2334202554680963, "lr": 0.0317129417573027, "n_hl_ae": 0.175069076941766, "opt": 1.4614181982549523}, "datetime": {"datetime": "2020-01-13 18:26:16", "elapsed": 435.031552, "delta": 22.531725}}
{"target": 0.5435224326880487, "params": {"act_func": 2.645160637001519, "dropout": 0.13349407877832162, "enc_dim": 175.81137921548572, "f_hl_ae": 1.374296183320916, "hidden_batch_norm": 0.7487882575401331, "initializer": 0.23780724253903884, "lr": 0.08298654319428335, "n_hl_ae": 1.3478749460632142, "opt": 0.608936814754639}, "datetime": {"datetime": "2020-01-13 18:26:18", "elapsed": 437.060154, "delta": 2.028602}}
{"target": 18.394333479305974, "params": {"act_func": 2.5175673667759573, "dropout": 0.11649349474766299, "enc_dim": 200.47789149785228, "f_hl_ae": 1.9425835996979304, "hidden_batch_norm": 0.6339976977446607, "initializer": 0.8672894054624648, "lr": 0.0069192407538780365, "n_hl_ae": 2.252294585659056, "opt": 1.3991501204495027}, "datetime": {"datetime": "2020-01-13 18:26:41", "elapsed": 460.06365, "delta": 23.003496}}
{"target": 0.5441201828494425, "params": {"act_func": 2.903896699812681, "dropout": 0.4872563869273629, "enc_dim": 190.36433653395193, "f_hl_ae": 1.0708697781842083, "hidden_batch_norm": 0.29279403144051885, "initializer": 0.15235470568773046, "lr": 0.05866884889519484, "n_hl_ae": 0.3938679854197681, "opt": 1.208235608041764}, "datetime": {"datetime": "2020-01-13 18:26:43", "elapsed": 462.071255, "delta": 2.007605}}
{"target": 1.2739430798693043, "params": {"act_func": 1.1484241774735624, "dropout": 0.43873908330122285, "enc_dim": 293.5589343597004, "f_hl_ae": 1.5468849016694222, "hidden_batch_norm": 0.2748235698675966, "initializer": 0.5922304187618368, "lr": 0.01122064533578343, "n_hl_ae": 1.2202000375072448, "opt": 1.1041565533839417}, "datetime": {"datetime": "2020-01-13 18:26:45", "elapsed": 464.116783, "delta": 2.045528}}
{"target": 17.250379259019603, "params": {"act_func": 0.8149583028184376, "dropout": 0.22316763323051322, "enc_dim": 180.34270707591975, "f_hl_ae": 1.248413465082971, "hidden_batch_norm": 0.5058663838253084, "initializer": 0.3103808259798114, "lr": 0.06306954847580601, "n_hl_ae": 1.5749113267627928, "opt": 1.501190045857975}, "datetime": {"datetime": "2020-01-13 18:26:49", "elapsed": 468.318703, "delta": 4.20192}}
{"target": 1.0558757700595636, "params": {"act_func": 1.000522397373826, "dropout": 0.45283779564417415, "enc_dim": 272.4637093671805, "f_hl_ae": 1.0486902959755287, "hidden_batch_norm": 0.25364252425682277, "initializer": 0.4461355126592019, "lr": 0.08964183901449507, "n_hl_ae": 1.0454279671004914, "opt": 1.480195051235365}, "datetime": {"datetime": "2020-01-13 18:26:52", "elapsed": 471.244918, "delta": 2.926215}}
{"target": 1.257490309224194, "params": {"act_func": 2.041543443428478, "dropout": 0.3049683699973424, "enc_dim": 242.10568054446912, "f_hl_ae": 1.2049236869597018, "hidden_batch_norm": 0.3416981148647321, "initializer": 0.6762424822774629, "lr": 0.012955758459898617, "n_hl_ae": 1.6310341614842856, "opt": 0.5653993018910732}, "datetime": {"datetime": "2020-01-13 18:27:00", "elapsed": 478.840673, "delta": 7.595755}}
{"target": 18.093387652641358, "params": {"act_func": 0.09070577401794777, "dropout": 0.34806504619736456, "enc_dim": 101.57682070168808, "f_hl_ae": 1.3726790698209954, "hidden_batch_norm": 0.5305372145627818, "initializer": 0.922111461767193, "lr": 0.09114004004174289, "n_hl_ae": 1.2178269659048513, "opt": 0.04862639942031555}, "datetime": {"datetime": "2020-01-13 18:27:03", "elapsed": 482.606054, "delta": 3.765381}}
{"target": 1.0728481318562475, "params": {"act_func": 1.027832953024771, "dropout": 0.3048932188314995, "enc_dim": 155.81358964571967, "f_hl_ae": 1.209749949655635, "hidden_batch_norm": 0.11570323332709365, "initializer": 0.5771402440203418, "lr": 0.031168269415436087, "n_hl_ae": 2.015871421787467, "opt": 1.8977220414410148}, "datetime": {"datetime": "2020-01-13 18:27:06", "elapsed": 484.888947, "delta": 2.282893}}
{"target": 26.150402614899452, "params": {"act_func": 1.9197630639825713, "dropout": 0.07024311083043273, "enc_dim": 288.93378340991677, "f_hl_ae": 1.5218483217500718, "hidden_batch_norm": 0.4146619399905236, "initializer": 0.26455561210462697, "lr": 0.001, "n_hl_ae": 1.3684509966496456, "opt": 1.136867897737297}, "datetime": {"datetime": "2020-01-13 18:27:37", "elapsed": 516.199317, "delta": 31.31037}}
{"target": 36.7824994656079, "params": {"act_func": 2.7381032837844437, "dropout": 0.31397424987833183, "enc_dim": 148.13396082805676, "f_hl_ae": 1.3866932879268723, "hidden_batch_norm": 0.7761643064744962, "initializer": 0.6951186717164404, "lr": 0.001, "n_hl_ae": 0.5606453076175796, "opt": 1.7742560642255547}, "datetime": {"datetime": "2020-01-13 18:28:01", "elapsed": 539.717523, "delta": 23.518206}}
{"target": 48.912565202905874, "params": {"act_func": 2.4154740706459954, "dropout": 0.23699745672829375, "enc_dim": 192.67504860157635, "f_hl_ae": 1.8501023470563558, "hidden_batch_norm": 0.46563764470512536, "initializer": 0.8275706889348008, "lr": 0.001, "n_hl_ae": 0.07733658647083541, "opt": 1.367194405118474}, "datetime": {"datetime": "2020-01-13 18:28:24", "elapsed": 563.553877, "delta": 23.836354}}
{"target": 19.10494668988011, "params": {"act_func": 0.2123377726306266, "dropout": 0.45762214936781753, "enc_dim": 248.37154928447674, "f_hl_ae": 1.2353603133584414, "hidden_batch_norm": 0.1476458154132071, "initializer": 0.17635134808741681, "lr": 0.001, "n_hl_ae": 2.3267113714798686, "opt": 1.4093526288404803}, "datetime": {"datetime": "2020-01-13 18:28:29", "elapsed": 568.016937, "delta": 4.46306}}
{"target": 18.793981760987556, "params": {"act_func": 1.1776949929234877, "dropout": 0.46446019551471546, "enc_dim": 203.0484222193738, "f_hl_ae": 1.2215625103037473, "hidden_batch_norm": 0.22959882564399647, "initializer": 0.491795296565235, "lr": 0.001, "n_hl_ae": 1.4734774983249084, "opt": 0.9391551358545123}, "datetime": {"datetime": "2020-01-13 18:28:36", "elapsed": 574.939418, "delta": 6.922481}}
{"target": 18.818781581011915, "params": {"act_func": 1.7094275151849208, "dropout": 0.020516462178802677, "enc_dim": 256.84392320024665, "f_hl_ae": 1.243881864032352, "hidden_batch_norm": 0.624973702622182, "initializer": 0.8793137514356503, "lr": 0.001, "n_hl_ae": 2.7328326826436484, "opt": 0.8186718130569444}, "datetime": {"datetime": "2020-01-13 18:28:58", "elapsed": 596.787342, "delta": 21.847924}}
{"target": 26.16952587595392, "params": {"act_func": 0.4668871022499942, "dropout": 0.0589740388550851, "enc_dim": 144.2335414431492, "f_hl_ae": 1.0921645730290268, "hidden_batch_norm": 0.014242987667877127, "initializer": 0.3234956485212723, "lr": 0.001, "n_hl_ae": 1.835933830500023, "opt": 0.5512768071694953}, "datetime": {"datetime": "2020-01-13 18:29:03", "elapsed": 602.623728, "delta": 5.836386}}
{"target": 18.649059388991894, "params": {"act_func": 1.4012145822753708, "dropout": 0.10880278047121375, "enc_dim": 202.06309602476162, "f_hl_ae": 1.4721558254809, "hidden_batch_norm": 0.24314853198518283, "initializer": 0.4981469399927383, "lr": 0.001, "n_hl_ae": 2.117460241141645, "opt": 1.642939678758958}, "datetime": {"datetime": "2020-01-13 18:29:22", "elapsed": 621.154141, "delta": 18.530413}}
{"target": 17.84995667211681, "params": {"act_func": 2.6189517486402796, "dropout": 0.25725371805804925, "enc_dim": 178.17122932249856, "f_hl_ae": 1.0330645728456522, "hidden_batch_norm": 0.9553142781253741, "initializer": 0.2969651628757921, "lr": 0.001, "n_hl_ae": 2.356826942288386, "opt": 1.6010778582437322}, "datetime": {"datetime": "2020-01-13 18:29:56", "elapsed": 654.791798, "delta": 33.637657}}
{"target": 27.58203710966623, "params": {"act_func": 0.6821871981909796, "dropout": 0.13964033956083527, "enc_dim": 226.62071697507358, "f_hl_ae": 1.8399661004919385, "hidden_batch_norm": 0.7693036075311427, "initializer": 0.1608943259802389, "lr": 0.001, "n_hl_ae": 1.0905818799899456, "opt": 1.366298311255189}, "datetime": {"datetime": "2020-01-13 18:30:01", "elapsed": 660.519501, "delta": 5.727703}}
{"target": 41.542135832272315, "params": {"act_func": 2.903534908881081, "dropout": 0.4527888427354806, "enc_dim": 165.09054439364297, "f_hl_ae": 1.3881290199621694, "hidden_batch_norm": 0.8123745403877317, "initializer": 0.02104666606393779, "lr": 0.001, "n_hl_ae": 0.20507793454212953, "opt": 1.3339640315187593}, "datetime": {"datetime": "2020-01-13 18:30:25", "elapsed": 684.621001, "delta": 24.1015}}
{"target": 37.063752252330865, "params": {"act_func": 1.1605576086454024, "dropout": 0.24919037238285746, "enc_dim": 193.06469760745148, "f_hl_ae": 1.7756045317006146, "hidden_batch_norm": 0.34193675455026673, "initializer": 0.46022580887640197, "lr": 0.001, "n_hl_ae": 0.822383169864281, "opt": 1.382044412059241}, "datetime": {"datetime": "2020-01-13 18:30:50", "elapsed": 709.255992, "delta": 24.634991}}
{"target": 18.78436802826931, "params": {"act_func": 1.3355053026432546, "dropout": 0.3535075791275653, "enc_dim": 121.89948467131919, "f_hl_ae": 1.6426410864302963, "hidden_batch_norm": 0.67718312427912, "initializer": 0.6825311900257209, "lr": 0.001, "n_hl_ae": 1.351242318137892, "opt": 0.4090551250789567}, "datetime": {"datetime": "2020-01-13 18:30:56", "elapsed": 714.906875, "delta": 5.650883}}
{"target": 17.180538431825564, "params": {"act_func": 2.4173774614693455, "dropout": 0.42712497125625315, "enc_dim": 201.54967784128047, "f_hl_ae": 1.8244634764044272, "hidden_batch_norm": 0.7841417424271968, "initializer": 0.42408135194328667, "lr": 0.001, "n_hl_ae": 2.280502695944898, "opt": 0.8931267851838731}, "datetime": {"datetime": "2020-01-13 18:31:04", "elapsed": 723.199689, "delta": 8.292814}}
{"target": 66.09989258019014, "params": {"act_func": 2.0420702633610412, "dropout": 0.387855131911962, "enc_dim": 280.6988659086602, "f_hl_ae": 1.3149244301496181, "hidden_batch_norm": 0.7432378512598208, "initializer": 0.46858348705412034, "lr": 0.001, "n_hl_ae": 0.8527992004200124, "opt": 0.29059120838974084}, "datetime": {"datetime": "2020-01-13 18:31:27", "elapsed": 745.712466, "delta": 22.512777}}
{"target": 23.40113163291405, "params": {"act_func": 0.054066810116005226, "dropout": 0.08048327740971654, "enc_dim": 153.70214948327083, "f_hl_ae": 1.4931360700224303, "hidden_batch_norm": 0.17495799637064458, "initializer": 0.5039625911720392, "lr": 0.001, "n_hl_ae": 2.5624823388524276, "opt": 1.3045552506168017}, "datetime": {"datetime": "2020-01-13 18:31:34", "elapsed": 752.97404, "delta": 7.261574}}
{"target": 24.01134097338732, "params": {"act_func": 1.6200365561674124, "dropout": 0.20965957381749248, "enc_dim": 106.39004031467924, "f_hl_ae": 1.5360262970420469, "hidden_batch_norm": 0.6746924851739002, "initializer": 0.9471089093909758, "lr": 0.001, "n_hl_ae": 0.779847797165353, "opt": 0.12334702434911171}, "datetime": {"datetime": "2020-01-13 18:31:55", "elapsed": 774.248129, "delta": 21.274089}}
{"target": 19.27303672134652, "params": {"act_func": 1.7634293037539766, "dropout": 0.045528923150018476, "enc_dim": 143.53062740241947, "f_hl_ae": 1.7218360349554556, "hidden_batch_norm": 0.44437562917515105, "initializer": 0.8928405846710327, "lr": 0.001, "n_hl_ae": 2.269937029814413, "opt": 1.3394865227011274}, "datetime": {"datetime": "2020-01-13 18:32:27", "elapsed": 805.935361, "delta": 31.687232}}
{"target": 23.178821781310344, "params": {"act_func": 1.0216639615601935, "dropout": 0.4068158690583763, "enc_dim": 100.67157776765075, "f_hl_ae": 1.8969587991404788, "hidden_batch_norm": 0.2893539042431097, "initializer": 0.5438865758398005, "lr": 0.001, "n_hl_ae": 0.36671683365577723, "opt": 0.2116960579872198}, "datetime": {"datetime": "2020-01-13 18:32:49", "elapsed": 827.718332, "delta": 21.782971}}
{"target": 19.071796031032388, "params": {"act_func": 2.6508085017094856, "dropout": 0.3329320599247056, "enc_dim": 295.83551504177365, "f_hl_ae": 1.363800458578993, "hidden_batch_norm": 0.07823958620248239, "initializer": 0.4112167436557608, "lr": 0.001, "n_hl_ae": 1.4442387464700133, "opt": 0.9299143971687698}, "datetime": {"datetime": "2020-01-13 18:33:10", "elapsed": 849.12517, "delta": 21.406838}}
{"target": 64.28318121961713, "params": {"act_func": 1.5046883641538362, "dropout": 0.06880762148313611, "enc_dim": 267.0330684494106, "f_hl_ae": 1.3944816671455014, "hidden_batch_norm": 0.3047190703944693, "initializer": 0.7037252025907759, "lr": 0.001, "n_hl_ae": 0.1783633086891141, "opt": 0.1146959597951338}, "datetime": {"datetime": "2020-01-13 18:33:32", "elapsed": 871.395957, "delta": 22.270787}}
{"target": 21.521197374577643, "params": {"act_func": 2.3453809557789196, "dropout": 0.37851345235080514, "enc_dim": 119.92416834749037, "f_hl_ae": 1.1057585878030927, "hidden_batch_norm": 0.10769313411549686, "initializer": 0.4864105558152011, "lr": 0.001, "n_hl_ae": 1.818851844558264, "opt": 0.9880018368106238}, "datetime": {"datetime": "2020-01-13 18:33:46", "elapsed": 884.997651, "delta": 13.601694}}
{"target": 19.902365279636477, "params": {"act_func": 1.0773917423546084, "dropout": 0.08788301922958706, "enc_dim": 171.9771473197181, "f_hl_ae": 1.0299668228377006, "hidden_batch_norm": 0.2058921593983758, "initializer": 0.9869243591436582, "lr": 0.001, "n_hl_ae": 1.1315734428420838, "opt": 1.5632671899085817}, "datetime": {"datetime": "2020-01-13 18:34:14", "elapsed": 912.749507, "delta": 27.751856}}
{"target": 18.78681212414114, "params": {"act_func": 1.6850662340355393, "dropout": 0.10617226379370685, "enc_dim": 102.72037786440582, "f_hl_ae": 1.463631166980076, "hidden_batch_norm": 0.025780059592794835, "initializer": 0.2329424893534886, "lr": 0.001, "n_hl_ae": 2.736685041263703, "opt": 0.27150414179991866}, "datetime": {"datetime": "2020-01-13 18:34:27", "elapsed": 926.532642, "delta": 13.783135}}
{"target": 18.663291000770286, "params": {"act_func": 1.6703376386581437, "dropout": 0.2500950589737977, "enc_dim": 170.92269868710363, "f_hl_ae": 1.5223812457333916, "hidden_batch_norm": 0.4443605878733592, "initializer": 0.9205669023875509, "lr": 0.001, "n_hl_ae": 2.1367632318202094, "opt": 1.377083840358503}, "datetime": {"datetime": "2020-01-13 18:34:42", "elapsed": 940.941179, "delta": 14.408537}}
{"target": 18.817847381150727, "params": {"act_func": 1.0846269851164227, "dropout": 0.07390618011351198, "enc_dim": 170.40371216230474, "f_hl_ae": 1.0513227064654656, "hidden_batch_norm": 0.1844651410903555, "initializer": 0.157078681405603, "lr": 0.001, "n_hl_ae": 2.5341604535124502, "opt": 0.5393237207295172}, "datetime": {"datetime": "2020-01-13 18:34:58", "elapsed": 957.518831, "delta": 16.577652}}
{"target": 47.7953465545428, "params": {"act_func": 2.3646904232025068, "dropout": 0.3251356301641935, "enc_dim": 189.42364669079072, "f_hl_ae": 1.578939446888341, "hidden_batch_norm": 0.6456984303527734, "initializer": 0.6288513403224287, "lr": 0.001, "n_hl_ae": 0.12424284536502983, "opt": 0.8199438271469517}, "datetime": {"datetime": "2020-01-13 18:35:21", "elapsed": 980.360736, "delta": 22.841905}}
{"target": 18.78796694338968, "params": {"act_func": 1.9275902415723183, "dropout": 0.3515018045156869, "enc_dim": 213.81609005529123, "f_hl_ae": 1.9684074210755451, "hidden_batch_norm": 0.5398491975082431, "initializer": 0.21753224100778557, "lr": 0.001, "n_hl_ae": 1.732962264247006, "opt": 0.5631147384432895}, "datetime": {"datetime": "2020-01-13 18:35:29", "elapsed": 988.174628, "delta": 7.813892}}
{"target": 73.26643671072333, "params": {"act_func": 1.1954626047177177, "dropout": 0.23676493074924518, "enc_dim": 295.1523410440725, "f_hl_ae": 1.3284951612995903, "hidden_batch_norm": 0.4463787937790803, "initializer": 0.9146459532256642, "lr": 0.001, "n_hl_ae": 0.28623344228376835, "opt": 0.6074116707545287}, "datetime": {"datetime": "2020-01-13 18:35:51", "elapsed": 1009.935433, "delta": 21.760805}}
{"target": 43.75456400097422, "params": {"act_func": 1.333355922130075, "dropout": 0.2841170990474122, "enc_dim": 246.31295934619664, "f_hl_ae": 1.6192119437700006, "hidden_batch_norm": 0.06767970242445775, "initializer": 0.9394807710674657, "lr": 0.001, "n_hl_ae": 0.19646180223177223, "opt": 1.8834184610802245}, "datetime": {"datetime": "2020-01-13 18:36:15", "elapsed": 1034.604598, "delta": 24.669165}}
