{"target": 16.99407175795946, "params": {"act_func": 2.983409245825649, "dropout": 0.3512377842454367, "enc_dim": 256.382238678005, "f_hl_ae": 1.8144524232308124, "hidden_batch_norm": 0.4754492770554828, "initializer": 0.11781783403241475, "lr": 0.001, "n_hl_ae": 2.4008145185303373, "opt": 0.9002718151336104}, "datetime": {"datetime": "2020-01-13 05:22:03", "elapsed": 1312.015127, "delta": 12.054897}}
{"target": 23.18278501023664, "params": {"act_func": 0.6093535251968439, "dropout": 0.0101565156471064, "enc_dim": 130.62574354698862, "f_hl_ae": 1.1264788906155516, "hidden_batch_norm": 0.19211281950545367, "initializer": 0.28931867668742683, "lr": 0.001, "n_hl_ae": 2.842212718149474, "opt": 1.4996950279652697}, "datetime": {"datetime": "2020-01-13 05:22:37", "elapsed": 1346.103831, "delta": 34.088704}}
{"target": 21.44558564585139, "params": {"act_func": 2.2901116594994058, "dropout": 0.14347028135351644, "enc_dim": 136.6665159953492, "f_hl_ae": 1.9848769283272185, "hidden_batch_norm": 0.09585018309033455, "initializer": 0.07119097631373539, "lr": 0.001, "n_hl_ae": 1.9426679143949717, "opt": 0.5155817537894423}, "datetime": {"datetime": "2020-01-13 05:23:04", "elapsed": 1373.003995, "delta": 26.900164}}
{"target": 18.824319320079145, "params": {"act_func": 1.913034723678828, "dropout": 0.07633960583508242, "enc_dim": 188.3869632153416, "f_hl_ae": 1.3169699675180815, "hidden_batch_norm": 0.33426043060089927, "initializer": 0.8478752822345458, "lr": 0.001, "n_hl_ae": 2.191865848950015, "opt": 0.1136285377268722}, "datetime": {"datetime": "2020-01-13 05:23:23", "elapsed": 1391.235325, "delta": 18.23133}}
{"target": 18.63063242146323, "params": {"act_func": 1.2368542076601816, "dropout": 0.07424222995722037, "enc_dim": 220.5604998634675, "f_hl_ae": 1.2350816537647695, "hidden_batch_norm": 0.6415798484917516, "initializer": 0.3937780411637982, "lr": 0.001, "n_hl_ae": 2.045692748373278, "opt": 1.1165076314785942}, "datetime": {"datetime": "2020-01-13 05:23:42", "elapsed": 1410.677351, "delta": 19.442026}}
{"target": 18.63911096227662, "params": {"act_func": 1.6826941194732004, "dropout": 0.3247818912900631, "enc_dim": 227.69184065238397, "f_hl_ae": 1.4293925342690446, "hidden_batch_norm": 0.5595235217555868, "initializer": 0.8835133267774827, "lr": 0.001, "n_hl_ae": 2.6249210477780185, "opt": 1.6491892608777698}, "datetime": {"datetime": "2020-01-13 05:23:55", "elapsed": 1423.299584, "delta": 12.622233}}
{"target": 18.82689938437605, "params": {"act_func": 1.8487761975050911, "dropout": 0.16228430295297705, "enc_dim": 112.36765582115702, "f_hl_ae": 1.6401774366087207, "hidden_batch_norm": 0.31843387613069885, "initializer": 0.35223140401050224, "lr": 0.001, "n_hl_ae": 1.8529576921679096, "opt": 0.4824565870706281}, "datetime": {"datetime": "2020-01-13 05:24:11", "elapsed": 1439.412607, "delta": 16.113023}}
{"target": 22.80047423402842, "params": {"act_func": 0.539795616857348, "dropout": 0.17438719698390173, "enc_dim": 159.56141653720422, "f_hl_ae": 1.7939235243410883, "hidden_batch_norm": 0.9570619610550452, "initializer": 0.017507961327720256, "lr": 0.001, "n_hl_ae": 2.577332511853327, "opt": 1.9961337871862967}, "datetime": {"datetime": "2020-01-13 05:24:17", "elapsed": 1445.370675, "delta": 5.958068}}
{"target": 17.96769413407192, "params": {"act_func": 2.9218255627354504, "dropout": 0.098206881644622, "enc_dim": 291.79310306614957, "f_hl_ae": 1.5482347243502979, "hidden_batch_norm": 0.115390265017567, "initializer": 0.6362119824397497, "lr": 0.001, "n_hl_ae": 2.884264054444218, "opt": 1.8150788506211075}, "datetime": {"datetime": "2020-01-13 05:24:47", "elapsed": 1476.224459, "delta": 30.853784}}
{"target": 35.58175968575116, "params": {"act_func": 2.4064422178875944, "dropout": 0.21675721026236586, "enc_dim": 129.3619946042547, "f_hl_ae": 1.1059182940520134, "hidden_batch_norm": 0.7009721827231158, "initializer": 0.5933610572582886, "lr": 0.001, "n_hl_ae": 0.09257880788249662, "opt": 1.9395708659356403}, "datetime": {"datetime": "2020-01-13 05:25:12", "elapsed": 1500.488561, "delta": 24.264102}}
{"target": 51.00564356985505, "params": {"act_func": 2.65354776374102, "dropout": 0.11532955487544984, "enc_dim": 241.97048645761566, "f_hl_ae": 1.0570138661020803, "hidden_batch_norm": 0.7385742175101674, "initializer": 0.12408568579741008, "lr": 0.001, "n_hl_ae": 0.5722913511105623, "opt": 1.6044715429192784}, "datetime": {"datetime": "2020-01-13 05:25:37", "elapsed": 1526.171929, "delta": 25.683368}}
{"target": 18.821868006390044, "params": {"act_func": 1.9700676076358814, "dropout": 0.069067396671154, "enc_dim": 173.21037648817006, "f_hl_ae": 1.3531023019923523, "hidden_batch_norm": 0.9736814094513556, "initializer": 0.5118367251358427, "lr": 0.001, "n_hl_ae": 2.404079689339431, "opt": 0.7637324543682182}, "datetime": {"datetime": "2020-01-13 05:25:56", "elapsed": 1544.625744, "delta": 18.453815}}
