{"target": 31.976358726403575, "params": {"act_func": 1.6464405117819743, "act_func_td": 2.430378732744839, "f_hl_r": 1.602763376071644, "lr": 0.04605656488330721, "n_hl_r": 1.270964398016714, "opt": 1.2917882261333122}, "datetime": {"datetime": "2020-01-13 20:52:05", "elapsed": 0.0, "delta": 0.0}}
{"target": 30.036483912910178, "params": {"act_func": 1.3127616337880776, "act_func_td": 2.7835460015641598, "f_hl_r": 1.9636627605010293, "lr": 0.06203928963624801, "n_hl_r": 2.3751751142479938, "opt": 1.057789839505809}, "datetime": {"datetime": "2020-01-13 21:16:53", "elapsed": 1488.047628, "delta": 1488.047628}}
{"target": 7.733683880694815, "params": {"act_func": 1.704133683281797, "act_func_td": 2.851193276585322, "f_hl_r": 1.0710360581978868, "lr": 0.09137419932954748, "n_hl_r": 0.06065519232097716, "opt": 1.665239691095876}, "datetime": {"datetime": "2020-01-13 21:26:46", "elapsed": 2080.52172, "delta": 592.474092}}
{"target": 27.77304555678067, "params": {"act_func": 2.3344702528495516, "act_func_td": 2.7400242964936385, "f_hl_r": 1.978618342232764, "lr": 0.02088330214254437, "n_hl_r": 1.3844380867587955, "opt": 1.561058352572911}, "datetime": {"datetime": "2020-01-13 21:56:10", "elapsed": 3845.316038, "delta": 1764.794318}}
{"target": 27.572351788653584, "params": {"act_func": 1.6464405117819743, "act_func_td": 2.430378732744839, "f_hl_r": 1.602763376071644, "lr": 0.04605656488330721, "n_hl_r": 1.270964398016714, "opt": 1.2917882261333122}, "datetime": {"datetime": "2020-01-14 17:47:15", "elapsed": 0.0, "delta": 0.0}}
{"target": 25.42198144610944, "params": {"act_func": 1.3127616337880776, "act_func_td": 2.7835460015641598, "f_hl_r": 1.9636627605010293, "lr": 0.06203928963624801, "n_hl_r": 2.3751751142479938, "opt": 1.057789839505809}, "datetime": {"datetime": "2020-01-14 18:09:44", "elapsed": 1348.515572, "delta": 1348.515572}}
{"target": 4.490088285154002, "params": {"act_func": 1.704133683281797, "act_func_td": 2.851193276585322, "f_hl_r": 1.0710360581978868, "lr": 0.09137419932954748, "n_hl_r": 0.06065519232097716, "opt": 1.665239691095876}, "datetime": {"datetime": "2020-01-14 18:18:14", "elapsed": 1859.029948, "delta": 510.514376}}
{"target": 0.5008950431644337, "params": {"act_func": 2.3344702528495516, "act_func_td": 2.7400242964936385, "f_hl_r": 1.978618342232764, "lr": 0.02088330214254437, "n_hl_r": 1.3844380867587955, "opt": 1.561058352572911}, "datetime": {"datetime": "2020-01-14 18:44:37", "elapsed": 3442.175655, "delta": 1583.145707}}
{"target": 0.5339346643221412, "params": {"act_func": 0.35482327760679966, "act_func_td": 2.279842042655048, "f_hl_r": 1.1433532874090464, "lr": 0.006477777212091196, "n_hl_r": 1.565544965250215, "opt": 0.8293238799810472}, "datetime": {"datetime": "2020-01-14 19:00:05", "elapsed": 4369.708363, "delta": 927.532708}}
{"target": 37.90651981572013, "params": {"act_func": 1.9197630639825713, "act_func_td": 1.2867065748180928, "f_hl_r": 1.944668917049584, "lr": 0.001, "n_hl_r": 1.2439858199715708, "opt": 0.5291112242092539}, "datetime": {"datetime": "2020-01-14 19:15:28", "elapsed": 5293.304205, "delta": 923.595842}}
{"target": 36.156711908668676, "params": {"act_func": 1.455808173387192, "act_func_td": 2.639066434401736, "f_hl_r": 1.2780162212485973, "lr": 0.001, "n_hl_r": 2.324512528234807, "opt": 1.494568271880679}, "datetime": {"datetime": "2020-01-14 19:37:58", "elapsed": 6642.502761, "delta": 1349.198556}}
{"target": 34.49744333042958, "params": {"act_func": 1.4907138184094304, "act_func_td": 2.633661084340189, "f_hl_r": 1.3714436774904044, "lr": 0.001, "n_hl_r": 2.4281616757771065, "opt": 1.5850338957961632}, "datetime": {"datetime": "2020-01-14 20:00:32", "elapsed": 7996.575537, "delta": 1354.072776}}
{"target": 35.74009756263826, "params": {"act_func": 1.7806812003546872, "act_func_td": 1.261486857758656, "f_hl_r": 1.955044356961754, "lr": 0.001, "n_hl_r": 1.3315937117223793, "opt": 0.48755602838289414}, "datetime": {"datetime": "2020-01-14 20:15:49", "elapsed": 8913.920251, "delta": 917.344714}}
{"target": 36.626820157890684, "params": {"act_func": 1.937641783640038, "act_func_td": 1.3394116594050398, "f_hl_r": 1.9766383331617137, "lr": 0.001, "n_hl_r": 1.259015431130357, "opt": 0.519578533469681}, "datetime": {"datetime": "2020-01-14 20:31:13", "elapsed": 9837.919719, "delta": 923.999468}}
{"target": 37.31063596988829, "params": {"act_func": 1.8324440378618023, "act_func_td": 1.357158841520021, "f_hl_r": 1.9704823646389968, "lr": 0.001, "n_hl_r": 1.1801733502807354, "opt": 0.5696728337362484}, "datetime": {"datetime": "2020-01-14 20:46:35", "elapsed": 10759.438767, "delta": 921.519048}}
{"target": 37.56430932781642, "params": {"act_func": 1.7606332189117344, "act_func_td": 1.1748852641136651, "f_hl_r": 1.9332738010869024, "lr": 0.001, "n_hl_r": 1.099655392745313, "opt": 0.6352057297658491}, "datetime": {"datetime": "2020-01-14 21:01:54", "elapsed": 11679.034707, "delta": 919.59594}}
{"target": 38.33384555000196, "params": {"act_func": 1.9189336931988699, "act_func_td": 1.3260648506965123, "f_hl_r": 1.9296628663706523, "lr": 0.001, "n_hl_r": 1.0765214887942989, "opt": 0.48819859714372593}, "datetime": {"datetime": "2020-01-14 21:17:17", "elapsed": 12601.820831, "delta": 922.786124}}
{"target": 38.9957729894498, "params": {"act_func": 1.8836165032199634, "act_func_td": 1.31214600108964, "f_hl_r": 1.8558289939367951, "lr": 0.001, "n_hl_r": 1.1042750599336875, "opt": 0.5927755875142577}, "datetime": {"datetime": "2020-01-16 08:58:45", "elapsed": 2777.044797, "delta": 924.662386}}
{"target": 37.30105226765723, "params": {"act_func": 1.942007217061302, "act_func_td": 1.1630856506713532, "f_hl_r": 1.9311503895501476, "lr": 0.001, "n_hl_r": 1.0198645532257946, "opt": 0.5896648602464121}, "datetime": {"datetime": "2020-01-16 09:14:10", "elapsed": 3702.58327, "delta": 925.538473}}
{"target": 13.87699800567765, "params": {"act_func": 2.0509135268921215, "act_func_td": 1.2558926164767457, "f_hl_r": 1.8505956247534292, "lr": 0.001, "n_hl_r": 0.9955179201168873, "opt": 0.6038137803373378}, "datetime": {"datetime": "2020-01-16 09:27:52", "elapsed": 4524.46466, "delta": 821.88139}}
{"target": 37.328595656771355, "params": {"act_func": 1.9359629305474813, "act_func_td": 1.2796536009835717, "f_hl_r": 1.9450515558263497, "lr": 0.001, "n_hl_r": 1.1443668006239092, "opt": 0.5820634783757463}, "datetime": {"datetime": "2020-01-16 09:43:15", "elapsed": 5447.601102, "delta": 923.136442}}
{"target": 37.328595656771355, "params": {"act_func": 1.9359629305474813, "act_func_td": 1.2796536009835717, "f_hl_r": 1.9450515558263497, "lr": 0.001, "n_hl_r": 1.1443668006239092, "opt": 0.5820634783757463}, "datetime": {"datetime": "2020-01-16 09:43:15", "elapsed": 5447.778627, "delta": 0.177525}}
{"target": 37.328595656771355, "params": {"act_func": 1.9359629305474813, "act_func_td": 1.2796536009835717, "f_hl_r": 1.9450515558263497, "lr": 0.001, "n_hl_r": 1.1443668006239092, "opt": 0.5820634783757463}, "datetime": {"datetime": "2020-01-16 09:43:16", "elapsed": 5447.957149, "delta": 0.178522}}
{"target": 37.34830296019251, "params": {"act_func": 1.8536749849538492, "act_func_td": 1.1888394923469225, "f_hl_r": 1.9021767460832626, "lr": 0.001, "n_hl_r": 1.1408924201600081, "opt": 0.5380863358772268}, "datetime": {"datetime": "2020-01-16 09:58:39", "elapsed": 6370.860606, "delta": 922.903457}}
{"target": 37.49032311091152, "params": {"act_func": 1.8142255168039565, "act_func_td": 1.2651423346238857, "f_hl_r": 1.976411352224718, "lr": 0.001, "n_hl_r": 1.3193841652818943, "opt": 0.5546448556610397}, "datetime": {"datetime": "2020-01-16 10:13:57", "elapsed": 7289.70087, "delta": 918.840264}}
