{"target": 21.992739094385875, "params": {"act_func": 1.6464405117819743, "act_func_td": 2.430378732744839, "f_hl_r": 1.602763376071644, "lr": 0.04605656488330721, "n_hl_r": 1.270964398016714, "opt": 1.2917882261333122}, "datetime": {"datetime": "2020-01-13 18:52:22", "elapsed": 0.0, "delta": 0.0}}
{"target": 28.37579902101625, "params": {"act_func": 1.3127616337880776, "act_func_td": 2.7835460015641598, "f_hl_r": 1.9636627605010293, "lr": 0.06203928963624801, "n_hl_r": 2.3751751142479938, "opt": 1.057789839505809}, "datetime": {"datetime": "2020-01-13 19:01:59", "elapsed": 577.901274, "delta": 577.901274}}
{"target": 30.18431205556688, "params": {"act_func": 1.704133683281797, "act_func_td": 2.851193276585322, "f_hl_r": 1.0710360581978868, "lr": 0.09137419932954748, "n_hl_r": 0.06065519232097716, "opt": 1.665239691095876}, "datetime": {"datetime": "2020-01-13 19:06:11", "elapsed": 829.354603, "delta": 251.453329}}
{"target": 39.53970258257812, "params": {"act_func": 2.3344702528495516, "act_func_td": 2.7400242964936385, "f_hl_r": 1.978618342232764, "lr": 0.02088330214254437, "n_hl_r": 1.3844380867587955, "opt": 1.561058352572911}, "datetime": {"datetime": "2020-01-13 19:20:44", "elapsed": 1702.365233, "delta": 873.01063}}
{"target": 2.7141184514565775, "params": {"act_func": 0.35482327760679966, "act_func_td": 2.279842042655048, "f_hl_r": 1.1433532874090464, "lr": 0.006477777212091196, "n_hl_r": 1.565544965250215, "opt": 0.8293238799810472}, "datetime": {"datetime": "2020-01-13 19:27:38", "elapsed": 2115.959555, "delta": 413.594322}}
{"target": 3.4002244966432413, "params": {"act_func": 0.7936668363138809, "act_func_td": 2.548467378868433, "f_hl_r": 1.4561503322165485, "lr": 0.0437250390620038, "n_hl_r": 0.056369401309065426, "opt": 1.2352709941517541}, "datetime": {"datetime": "2020-01-13 19:31:50", "elapsed": 2368.560362, "delta": 252.600807}}
{"target": 45.585902027370686, "params": {"act_func": 1.8362871681672641, "act_func_td": 2.233867993749514, "f_hl_r": 1.9437480785146242, "lr": 0.03249979038875514, "n_hl_r": 1.078523701721358, "opt": 0.8740639075986829}, "datetime": {"datetime": "2020-01-13 19:38:40", "elapsed": 2778.553136, "delta": 409.992774}}
{"target": 1.008425234168688, "params": {"act_func": 2.0928935877817945, "act_func_td": 1.1204509432585397, "f_hl_r": 1.6667667154456676, "lr": 0.033606850907802216, "n_hl_r": 0.6311476832215227, "opt": 0.2578525953097066}, "datetime": {"datetime": "2020-01-13 19:46:37", "elapsed": 3255.218613, "delta": 476.665477}}
{"target": 54.031243203585234, "params": {"act_func": 1.6464405117819743, "act_func_td": 2.430378732744839, "f_hl_r": 1.602763376071644, "lr": 0.04605656488330721, "n_hl_r": 1.270964398016714, "opt": 1.2917882261333122}, "datetime": {"datetime": "2020-01-13 20:12:45", "elapsed": 0.0, "delta": 0.0}}
{"target": 53.03966255897389, "params": {"act_func": 1.3127616337880776, "act_func_td": 2.7835460015641598, "f_hl_r": 1.9636627605010293, "lr": 0.06203928963624801, "n_hl_r": 2.3751751142479938, "opt": 1.057789839505809}, "datetime": {"datetime": "2020-01-13 20:22:18", "elapsed": 573.215801, "delta": 573.215801}}
{"target": 31.93534968990874, "params": {"act_func": 1.6464405117819743, "act_func_td": 2.430378732744839, "f_hl_r": 1.602763376071644, "lr": 0.04605656488330721, "n_hl_r": 1.270964398016714, "opt": 1.2917882261333122}, "datetime": {"datetime": "2020-01-14 15:52:17", "elapsed": 0.0, "delta": 0.0}}
{"target": 33.20169100939908, "params": {"act_func": 1.3127616337880776, "act_func_td": 2.7835460015641598, "f_hl_r": 1.9636627605010293, "lr": 0.06203928963624801, "n_hl_r": 2.3751751142479938, "opt": 1.057789839505809}, "datetime": {"datetime": "2020-01-14 16:01:14", "elapsed": 537.248979, "delta": 537.248979}}
{"target": 2.7800607075119497, "params": {"act_func": 1.704133683281797, "act_func_td": 2.851193276585322, "f_hl_r": 1.0710360581978868, "lr": 0.09137419932954748, "n_hl_r": 0.06065519232097716, "opt": 1.665239691095876}, "datetime": {"datetime": "2020-01-14 16:05:10", "elapsed": 773.114867, "delta": 235.865888}}
{"target": 0.565116768186744, "params": {"act_func": 2.3344702528495516, "act_func_td": 2.7400242964936385, "f_hl_r": 1.978618342232764, "lr": 0.02088330214254437, "n_hl_r": 1.3844380867587955, "opt": 1.561058352572911}, "datetime": {"datetime": "2020-01-14 16:18:06", "elapsed": 1549.268361, "delta": 776.153494}}
{"target": 2.8877252687596453, "params": {"act_func": 0.35482327760679966, "act_func_td": 2.279842042655048, "f_hl_r": 1.1433532874090464, "lr": 0.006477777212091196, "n_hl_r": 1.565544965250215, "opt": 0.8293238799810472}, "datetime": {"datetime": "2020-01-14 16:24:33", "elapsed": 1936.204732, "delta": 386.936371}}
{"target": 36.52257113783667, "params": {"act_func": 1.9197630639825713, "act_func_td": 1.2867065748180928, "f_hl_r": 1.944668917049584, "lr": 0.001, "n_hl_r": 1.2439858199715708, "opt": 0.5291112242092539}, "datetime": {"datetime": "2020-01-14 16:30:54", "elapsed": 2317.132011, "delta": 380.927279}}
{"target": 35.8873905104561, "params": {"act_func": 1.455808173387192, "act_func_td": 2.639066434401736, "f_hl_r": 1.2780162212485973, "lr": 0.001, "n_hl_r": 2.324512528234807, "opt": 1.494568271880679}, "datetime": {"datetime": "2020-01-14 16:39:52", "elapsed": 2854.828982, "delta": 537.696971}}
{"target": 35.94913895506817, "params": {"act_func": 1.8836165032199634, "act_func_td": 1.31214600108964, "f_hl_r": 1.8558289939367951, "lr": 0.001, "n_hl_r": 1.1042750599336875, "opt": 0.5927755875142577}, "datetime": {"datetime": "2020-01-14 16:46:15", "elapsed": 3237.951676, "delta": 383.122694}}
{"target": 38.403324567592264, "params": {"act_func": 1.8072768662859429, "act_func_td": 1.3845353928938167, "f_hl_r": 1.876357009084106, "lr": 0.001, "n_hl_r": 1.238179600335553, "opt": 0.47772953366289483}, "datetime": {"datetime": "2020-01-14 16:52:35", "elapsed": 3617.772192, "delta": 379.820516}}
{"target": 37.25142913008656, "params": {"act_func": 1.7552073315554755, "act_func_td": 1.3727981924762556, "f_hl_r": 1.842594298176686, "lr": 0.001, "n_hl_r": 1.319033478354905, "opt": 0.45507208698970736}, "datetime": {"datetime": "2020-01-14 16:58:54", "elapsed": 3996.699904, "delta": 378.927712}}
{"target": 37.80263813197955, "params": {"act_func": 1.7951869138105088, "act_func_td": 1.361409842221036, "f_hl_r": 1.7764894898582353, "lr": 0.001, "n_hl_r": 1.1886337541345864, "opt": 0.5039564791578548}, "datetime": {"datetime": "2020-01-14 17:05:15", "elapsed": 4377.810828, "delta": 381.110924}}
{"target": 36.42419655667194, "params": {"act_func": 1.9120527398552407, "act_func_td": 1.4028803106654426, "f_hl_r": 1.751318661693141, "lr": 0.001, "n_hl_r": 1.2082698800879448, "opt": 0.4136901909621582}, "datetime": {"datetime": "2020-01-14 17:11:34", "elapsed": 4756.627035, "delta": 378.816207}}
{"target": 37.09168006986243, "params": {"act_func": 1.7086103984112777, "act_func_td": 1.3395694972167786, "f_hl_r": 1.8610508448250926, "lr": 0.001, "n_hl_r": 1.2334164797546188, "opt": 0.4586421077087244}, "datetime": {"datetime": "2020-01-14 17:17:53", "elapsed": 5135.71447, "delta": 379.087435}}
{"target": 39.10535103670486, "params": {"act_func": 1.7110628087824604, "act_func_td": 1.3901192054763667, "f_hl_r": 1.9161410367603322, "lr": 0.001, "n_hl_r": 1.1733743284071678, "opt": 0.5942896519607512}, "datetime": {"datetime": "2020-01-14 17:24:14", "elapsed": 5516.777957, "delta": 381.063487}}
{"target": 38.459341745847844, "params": {"act_func": 1.689949747851117, "act_func_td": 1.2882067446316308, "f_hl_r": 1.9625070673614218, "lr": 0.001, "n_hl_r": 1.2711849217001232, "opt": 0.7335624282053541}, "datetime": {"datetime": "2020-01-14 17:30:40", "elapsed": 5902.891563, "delta": 386.113606}}
