{"target": 33.457491010889136, "params": {"act_func": 1.6464405117819743, "act_func_td": 2.430378732744839, "f_hl_r": 1.602763376071644, "lr": 0.04605656488330721, "n_hl_r": 1.270964398016714, "opt": 1.2917882261333122}, "datetime": {"datetime": "2020-01-13 22:28:59", "elapsed": 0.0, "delta": 0.0}}
{"target": 38.97438542143982, "params": {"act_func": 1.6464405117819743, "act_func_td": 2.430378732744839, "f_hl_r": 1.602763376071644, "lr": 0.04605656488330721, "n_hl_r": 1.270964398016714, "opt": 1.2917882261333122}, "datetime": {"datetime": "2020-01-15 02:42:46", "elapsed": 0.0, "delta": 0.0}}
{"target": 39.41637347513914, "params": {"act_func": 1.3127616337880776, "act_func_td": 2.7835460015641598, "f_hl_r": 1.9636627605010293, "lr": 0.06203928963624801, "n_hl_r": 2.3751751142479938, "opt": 1.057789839505809}, "datetime": {"datetime": "2020-01-15 03:20:41", "elapsed": 2274.716178, "delta": 2274.716178}}
{"target": 2.876234120763076, "params": {"act_func": 1.704133683281797, "act_func_td": 2.851193276585322, "f_hl_r": 1.0710360581978868, "lr": 0.09137419932954748, "n_hl_r": 0.06065519232097716, "opt": 1.665239691095876}, "datetime": {"datetime": "2020-01-15 03:34:13", "elapsed": 3086.774228, "delta": 812.05805}}
{"target": 0.49407250206378706, "params": {"act_func": 2.3344702528495516, "act_func_td": 2.7400242964936385, "f_hl_r": 1.978618342232764, "lr": 0.02088330214254437, "n_hl_r": 1.3844380867587955, "opt": 1.561058352572911}, "datetime": {"datetime": "2020-01-15 04:06:07", "elapsed": 5001.303004, "delta": 1914.528776}}
{"target": 0.624359106995992, "params": {"act_func": 0.35482327760679966, "act_func_td": 2.279842042655048, "f_hl_r": 1.1433532874090464, "lr": 0.006477777212091196, "n_hl_r": 1.565544965250215, "opt": 0.8293238799810472}, "datetime": {"datetime": "2020-01-15 04:31:48", "elapsed": 6541.854053, "delta": 1540.551049}}
{"target": 40.061752616430134, "params": {"act_func": 1.9197630639825713, "act_func_td": 1.2867065748180928, "f_hl_r": 1.944668917049584, "lr": 0.001, "n_hl_r": 1.2439858199715708, "opt": 0.5291112242092539}, "datetime": {"datetime": "2020-01-15 04:57:58", "elapsed": 8112.15308, "delta": 1570.299027}}
{"target": 36.47256549248851, "params": {"act_func": 1.455808173387192, "act_func_td": 2.639066434401736, "f_hl_r": 1.2780162212485973, "lr": 0.001, "n_hl_r": 2.324512528234807, "opt": 1.494568271880679}, "datetime": {"datetime": "2020-01-15 05:36:08", "elapsed": 10401.939848, "delta": 2289.786768}}
{"target": 35.12215091358194, "params": {"act_func": 1.5744393726659627, "act_func_td": 2.389836362676002, "f_hl_r": 1.6137090935522922, "lr": 0.001, "n_hl_r": 1.2497545313889986, "opt": 1.2942971375865027}, "datetime": {"datetime": "2020-01-15 06:01:48", "elapsed": 11942.468829, "delta": 1540.528981}}
{"target": 0.48104422843242445, "params": {"act_func": 0.506929535549453, "act_func_td": 2.7296275952327, "f_hl_r": 1.2565093468078907, "lr": 0.001, "n_hl_r": 2.9471606215880315, "opt": 0.005022832312730818}, "datetime": {"datetime": "2020-01-15 06:39:32", "elapsed": 14206.583614, "delta": 2264.114785}}
{"target": 39.064939721838776, "params": {"act_func": 1.937641783640038, "act_func_td": 1.3394116594050398, "f_hl_r": 1.9766383331617137, "lr": 0.001, "n_hl_r": 1.259015431130357, "opt": 0.519578533469681}, "datetime": {"datetime": "2020-01-15 07:05:01", "elapsed": 15735.140583, "delta": 1528.556969}}
{"target": 35.41682344743173, "params": {"act_func": 1.6154579920723497, "act_func_td": 2.4472980846087626, "f_hl_r": 1.5848758145685158, "lr": 0.001, "n_hl_r": 1.3216259262215806, "opt": 1.3541353519914574}, "datetime": {"datetime": "2020-01-15 07:30:37", "elapsed": 17271.476177, "delta": 1536.335594}}
{"target": 1.0639523052119422, "params": {"act_func": 2.077459681321696, "act_func_td": 1.2915738209080347, "f_hl_r": 1.9458767123120952, "lr": 0.001, "n_hl_r": 1.2556115072293306, "opt": 0.48157425291671774}, "datetime": {"datetime": "2020-01-15 08:02:28", "elapsed": 19181.814324, "delta": 1910.338147}}
{"target": 35.85109816213935, "params": {"act_func": 1.5733755116313823, "act_func_td": 2.4929799658516494, "f_hl_r": 1.5650019628174694, "lr": 0.001, "n_hl_r": 1.3429385453228555, "opt": 1.2692353014608295}, "datetime": {"datetime": "2020-01-15 08:28:03", "elapsed": 20717.312401, "delta": 1535.498077}}
{"target": 39.31641764309436, "params": {"act_func": 1.8325921855641885, "act_func_td": 1.3361668975702379, "f_hl_r": 1.9543446472912411, "lr": 0.001, "n_hl_r": 1.3364663200253895, "opt": 0.5127715916365876}, "datetime": {"datetime": "2020-01-15 08:53:34", "elapsed": 22247.851292, "delta": 1530.538891}}
{"target": 39.384199338714545, "params": {"act_func": 1.8142255168039565, "act_func_td": 1.2651423346238857, "f_hl_r": 1.976411352224718, "lr": 0.001, "n_hl_r": 1.3193841652818943, "opt": 0.5546448556610397}, "datetime": {"datetime": "2020-01-15 09:19:08", "elapsed": 23781.977968, "delta": 1534.126676}}
{"target": 33.457491010889136, "params": {"act_func": 1.6464405117819743, "act_func_td": 2.430378732744839, "f_hl_r": 1.602763376071644, "lr": 0.04605656488330721, "n_hl_r": 1.270964398016714, "opt": 1.2917882261333122}, "datetime": {"datetime": "2020-01-15 22:37:41", "elapsed": 0.0, "delta": 0.0}}
{"target": 1.0965776589803076, "params": {"act_func": 0.03035120826596427, "act_func_td": 1.031415752766209, "f_hl_r": 1.1748062925501226, "lr": 0.001, "n_hl_r": 2.8391250770447947, "opt": 0.05262561244165509}, "datetime": {"datetime": "2020-01-15 23:20:30", "elapsed": 2568.698607, "delta": 2568.698607}}
{"target": 36.22322325212972, "params": {"act_func": 1.455808173387192, "act_func_td": 2.639066434401736, "f_hl_r": 1.2780162212485973, "lr": 0.001, "n_hl_r": 2.324512528234807, "opt": 1.494568271880679}, "datetime": {"datetime": "2020-01-16 00:02:09", "elapsed": 5067.600452, "delta": 2498.901845}}
{"target": 34.682542385538824, "params": {"act_func": 1.4947813137676464, "act_func_td": 2.6631180517006205, "f_hl_r": 1.355728913629752, "lr": 0.001, "n_hl_r": 1.997514645369538, "opt": 1.4996835018341668}, "datetime": {"datetime": "2020-01-16 00:29:00", "elapsed": 6678.801045, "delta": 1611.200593}}
{"target": 35.65592538747784, "params": {"act_func": 1.4028625187642503, "act_func_td": 2.6142257701260316, "f_hl_r": 1.2276857194754498, "lr": 0.001, "n_hl_r": 2.3939692927410534, "opt": 1.529377077503838}, "datetime": {"datetime": "2020-01-16 01:06:58", "elapsed": 8957.233626, "delta": 2278.432581}}
{"target": 35.237155954752225, "params": {"act_func": 1.639421791559252, "act_func_td": 2.658670039835664, "f_hl_r": 1.3447249218342083, "lr": 0.001, "n_hl_r": 2.2580120475973544, "opt": 1.58553247853083}, "datetime": {"datetime": "2020-01-16 01:44:32", "elapsed": 11211.124802, "delta": 2253.891176}}
{"target": 35.125547234840255, "params": {"act_func": 1.393754544633274, "act_func_td": 2.640886020153258, "f_hl_r": 1.3759163582918739, "lr": 0.001, "n_hl_r": 2.311492713858692, "opt": 1.5022523203254265}, "datetime": {"datetime": "2020-01-16 02:22:01", "elapsed": 13460.441476, "delta": 2249.316674}}
{"target": 36.202556218319785, "params": {"act_func": 1.5158557265701789, "act_func_td": 2.6817362869148216, "f_hl_r": 1.0986639638623097, "lr": 0.001, "n_hl_r": 2.344572829426351, "opt": 1.4865299674842705}, "datetime": {"datetime": "2020-01-16 02:59:32", "elapsed": 15711.509805, "delta": 2251.068329}}
{"target": 35.52238077556129, "params": {"act_func": 1.4916082148743184, "act_func_td": 2.6160842427926236, "f_hl_r": 1.10328439646617, "lr": 0.001, "n_hl_r": 2.277271681436222, "opt": 1.3185649752221609}, "datetime": {"datetime": "2020-01-16 03:37:01", "elapsed": 17959.847585, "delta": 2248.33778}}
{"target": 35.43902391851157, "params": {"act_func": 1.4766615416351905, "act_func_td": 2.643355586191281, "f_hl_r": 1.2492162442706096, "lr": 0.001, "n_hl_r": 2.245329753661643, "opt": 1.5247060377746988}, "datetime": {"datetime": "2020-01-16 04:14:32", "elapsed": 20210.621231, "delta": 2250.773646}}
{"target": 35.45931059772353, "params": {"act_func": 1.6111384287430661, "act_func_td": 2.6064914128622427, "f_hl_r": 1.3086681755360932, "lr": 0.001, "n_hl_r": 2.398562964269045, "opt": 1.3653438732330712}, "datetime": {"datetime": "2020-01-16 04:51:57", "elapsed": 22456.273067, "delta": 2245.651836}}
{"target": 1.0639523052119422, "params": {"act_func": 2.077459681321696, "act_func_td": 1.2915738209080347, "f_hl_r": 1.9458767123120952, "lr": 0.001, "n_hl_r": 1.2556115072293306, "opt": 0.48157425291671774}, "datetime": {"datetime": "2020-01-16 10:13:57", "elapsed": 0.005037, "delta": 0.000994}}
{"target": 35.85109816213935, "params": {"act_func": 1.5733755116313823, "act_func_td": 2.4929799658516494, "f_hl_r": 1.5650019628174694, "lr": 0.001, "n_hl_r": 1.3429385453228555, "opt": 1.2692353014608295}, "datetime": {"datetime": "2020-01-16 10:13:57", "elapsed": 0.005037, "delta": 0.0}}
{"target": 39.31641764309436, "params": {"act_func": 1.8325921855641885, "act_func_td": 1.3361668975702379, "f_hl_r": 1.9543446472912411, "lr": 0.001, "n_hl_r": 1.3364663200253895, "opt": 0.5127715916365876}, "datetime": {"datetime": "2020-01-16 10:13:57", "elapsed": 0.006016, "delta": 0.000979}}
{"target": 39.384199338714545, "params": {"act_func": 1.8142255168039565, "act_func_td": 1.2651423346238857, "f_hl_r": 1.976411352224718, "lr": 0.001, "n_hl_r": 1.3193841652818943, "opt": 0.5546448556610397}, "datetime": {"datetime": "2020-01-16 10:13:57", "elapsed": 0.006016, "delta": 0.0}}
{"target": 39.384199338714545, "params": {"act_func": 1.8142255168039565, "act_func_td": 1.2651423346238857, "f_hl_r": 1.976411352224718, "lr": 0.001, "n_hl_r": 1.3193841652818943, "opt": 0.5546448556610397}, "datetime": {"datetime": "2020-01-16 10:13:58", "elapsed": 0.134638, "delta": 0.128622}}
{"target": 35.12162245173721, "params": {"act_func": 1.6234338981013723, "act_func_td": 2.4904535920817015, "f_hl_r": 1.531281318135058, "lr": 0.001, "n_hl_r": 1.3336258936330436, "opt": 1.2959302123870982}, "datetime": {"datetime": "2020-01-16 10:39:26", "elapsed": 1528.446361, "delta": 1528.311723}}
{"target": 35.95959634388507, "params": {"act_func": 1.6557535305064583, "act_func_td": 2.419530754690882, "f_hl_r": 1.5210699336596918, "lr": 0.001, "n_hl_r": 1.2711466699465432, "opt": 1.2921841532550975}, "datetime": {"datetime": "2020-01-16 11:05:01", "elapsed": 3063.6088, "delta": 1535.162439}}
{"target": 1.0471591282520294, "params": {"act_func": 2.6378604067599802, "act_func_td": 1.4474747055942283, "f_hl_r": 1.7203820222979007, "lr": 0.001, "n_hl_r": 0.9417655151668045, "opt": 0.10821808839440661}, "datetime": {"datetime": "2020-01-16 11:22:29", "elapsed": 4112.057723, "delta": 1048.448923}}
{"target": 1.0471591282520294, "params": {"act_func": 2.6378604067599802, "act_func_td": 1.4474747055942283, "f_hl_r": 1.7203820222979007, "lr": 0.001, "n_hl_r": 0.9417655151668045, "opt": 0.10821808839440661}, "datetime": {"datetime": "2020-01-16 11:22:30", "elapsed": 4112.326005, "delta": 0.268282}}
{"target": 39.15356562887687, "params": {"act_func": 1.882534084897172, "act_func_td": 1.3955214665457838, "f_hl_r": 1.9867157014118315, "lr": 0.001, "n_hl_r": 1.3035611447052453, "opt": 0.5025586094680339}, "datetime": {"datetime": "2020-01-16 11:48:02", "elapsed": 5644.913998, "delta": 1532.587993}}
{"target": 38.867730991190975, "params": {"act_func": 1.790403615743724, "act_func_td": 1.3899166735849138, "f_hl_r": 1.958152935321497, "lr": 0.001, "n_hl_r": 1.3191087356361266, "opt": 0.6443543226158144}, "datetime": {"datetime": "2020-01-16 12:13:36", "elapsed": 7178.237646, "delta": 1533.323648}}
{"target": 38.70884912478941, "params": {"act_func": 1.9117223630079707, "act_func_td": 1.3486171361086374, "f_hl_r": 1.8937143298752992, "lr": 0.001, "n_hl_r": 1.327179778629679, "opt": 0.505824559721598}, "datetime": {"datetime": "2020-01-16 12:38:56", "elapsed": 8699.026825, "delta": 1520.789179}}
{"target": 38.70884912478941, "params": {"act_func": 1.9117223630079707, "act_func_td": 1.3486171361086374, "f_hl_r": 1.8937143298752992, "lr": 0.001, "n_hl_r": 1.327179778629679, "opt": 0.505824559721598}, "datetime": {"datetime": "2020-01-16 12:38:57", "elapsed": 8699.199311, "delta": 0.172486}}
{"target": 38.70884912478941, "params": {"act_func": 1.9117223630079707, "act_func_td": 1.3486171361086374, "f_hl_r": 1.8937143298752992, "lr": 0.001, "n_hl_r": 1.327179778629679, "opt": 0.505824559721598}, "datetime": {"datetime": "2020-01-16 12:38:57", "elapsed": 8699.358883, "delta": 0.159572}}
